2017-05-27 17:10:34.801 debug 9684 --- [main] sample.simple.SampleSimpleApplication    : Starting SampleSimpleApplication on huaxin-develop with PID 9684 (D:\workspace\IM-Server\build\classes\main started by xj in D:\workspace\IM-Server)
2017-05-27 17:10:34.802 debug 9684 --- [main] sample.simple.SampleSimpleApplication    : No active profile set, falling back to default profiles: default
2017-05-27 17:10:34.851 debug 9684 --- [main] s.c.a.AnnotationConfigApplicationContext : Refreshing org.springframework.context.annotation.AnnotationConfigApplicationContext@421bba99: startup date [Sat May 27 17:10:34 CST 2017]; root of context hierarchy
2017-05-27 17:10:35.272 debug 9684 --- [main] o.h.v.m.ParameterMessageInterpolator     : HV000184: ParameterMessageInterpolator has been chosen, EL interpolation will not be supported
2017-05-27 17:10:35.375 debug 9684 --- [main] o.h.v.m.ParameterMessageInterpolator     : HV000184: ParameterMessageInterpolator has been chosen, EL interpolation will not be supported
2017-05-27 17:10:35.452 debug 9684 --- [main] figurationPropertiesBindingPostProcessor : The @ConfigurationProperties bean class sample.simple.SampleConfigurationProperties contains validation constraints but had not been annotated with @Validated.
2017-05-27 17:10:35.597 debug 9684 --- [main] o.s.j.e.a.AnnotationMBeanExporter        : Registering beans for JMX exposure on startup
2017-05-27 17:10:35.609 debug 9684 --- [main] sample.simple.SampleSimpleApplication    : Started SampleSimpleApplication in 1.769 seconds (JVM running for 2.192)
2017-05-27 17:10:35.632 debug 9684 --- [Thread-4] s.c.a.AnnotationConfigApplicationContext : Closing org.springframework.context.annotation.AnnotationConfigApplicationContext@421bba99: startup date [Sat May 27 17:10:34 CST 2017]; root of context hierarchy
2017-05-27 17:10:35.633 debug 9684 --- [Thread-4] o.s.j.e.a.AnnotationMBeanExporter        : Unregistering JMX-exposed beans on shutdown
2017-05-27 17:10:52.821 info 14428 --- [main] sample.simple.SampleSimpleApplication    : Starting SampleSimpleApplication on huaxin-develop with PID 14428 (D:\workspace\IM-Server\build\classes\main started by xj in D:\workspace\IM-Server)
2017-05-27 17:10:52.822 info 14428 --- [main] sample.simple.SampleSimpleApplication    : No active profile set, falling back to default profiles: default
2017-05-27 17:10:52.869 info 14428 --- [main] s.c.a.AnnotationConfigApplicationContext : Refreshing org.springframework.context.annotation.AnnotationConfigApplicationContext@421bba99: startup date [Sat May 27 17:10:52 CST 2017]; root of context hierarchy
2017-05-27 17:10:53.289 info 14428 --- [main] o.h.v.m.ParameterMessageInterpolator     : HV000184: ParameterMessageInterpolator has been chosen, EL interpolation will not be supported
2017-05-27 17:10:53.391 info 14428 --- [main] o.h.v.m.ParameterMessageInterpolator     : HV000184: ParameterMessageInterpolator has been chosen, EL interpolation will not be supported
2017-05-27 17:10:53.466 info 14428 --- [main] figurationPropertiesBindingPostProcessor : The @ConfigurationProperties bean class sample.simple.SampleConfigurationProperties contains validation constraints but had not been annotated with @Validated.
2017-05-27 17:10:53.601 info 14428 --- [main] o.s.j.e.a.AnnotationMBeanExporter        : Registering beans for JMX exposure on startup
2017-05-27 17:10:53.613 info 14428 --- [main] sample.simple.SampleSimpleApplication    : Started SampleSimpleApplication in 1.753 seconds (JVM running for 2.187)
2017-05-27 17:10:53.645 info 14428 --- [Thread-4] s.c.a.AnnotationConfigApplicationContext : Closing org.springframework.context.annotation.AnnotationConfigApplicationContext@421bba99: startup date [Sat May 27 17:10:52 CST 2017]; root of context hierarchy
2017-05-27 17:10:53.646 info 14428 --- [Thread-4] o.s.j.e.a.AnnotationMBeanExporter        : Unregistering JMX-exposed beans on shutdown
2017-05-27 17:11:03.253 error 1184 --- [main] sample.simple.SampleSimpleApplication    : Starting SampleSimpleApplication on huaxin-develop with PID 1184 (D:\workspace\IM-Server\build\classes\main started by xj in D:\workspace\IM-Server)
2017-05-27 17:11:03.254 error 1184 --- [main] sample.simple.SampleSimpleApplication    : No active profile set, falling back to default profiles: default
2017-05-27 17:11:03.302 error 1184 --- [main] s.c.a.AnnotationConfigApplicationContext : Refreshing org.springframework.context.annotation.AnnotationConfigApplicationContext@421bba99: startup date [Sat May 27 17:11:03 CST 2017]; root of context hierarchy
2017-05-27 17:11:03.711 error 1184 --- [main] o.h.v.m.ParameterMessageInterpolator     : HV000184: ParameterMessageInterpolator has been chosen, EL interpolation will not be supported
2017-05-27 17:11:03.816 error 1184 --- [main] o.h.v.m.ParameterMessageInterpolator     : HV000184: ParameterMessageInterpolator has been chosen, EL interpolation will not be supported
2017-05-27 17:11:03.891 error 1184 --- [main] figurationPropertiesBindingPostProcessor : The @ConfigurationProperties bean class sample.simple.SampleConfigurationProperties contains validation constraints but had not been annotated with @Validated.
2017-05-27 17:11:04.042 error 1184 --- [main] o.s.j.e.a.AnnotationMBeanExporter        : Registering beans for JMX exposure on startup
2017-05-27 17:11:04.051 error 1184 --- [main] sample.simple.SampleSimpleApplication    : Started SampleSimpleApplication in 1.723 seconds (JVM running for 2.148)
2017-05-27 17:11:04.086 error 1184 --- [Thread-4] s.c.a.AnnotationConfigApplicationContext : Closing org.springframework.context.annotation.AnnotationConfigApplicationContext@421bba99: startup date [Sat May 27 17:11:03 CST 2017]; root of context hierarchy
2017-05-27 17:11:04.087 error 1184 --- [Thread-4] o.s.j.e.a.AnnotationMBeanExporter        : Unregistering JMX-exposed beans on shutdown
2017-05-27 17:11:26.043  INFO 13968 --- [main] s.c.a.AnnotationConfigApplicationContext : Refreshing org.springframework.context.annotation.AnnotationConfigApplicationContext@5d12a356: startup date [Sat May 27 17:11:26 CST 2017]; root of context hierarchy
2017-05-27 17:11:26.484  WARN 13968 --- [main] o.h.v.m.ParameterMessageInterpolator     : HV000184: ParameterMessageInterpolator has been chosen, EL interpolation will not be supported
2017-05-27 17:11:26.594  WARN 13968 --- [main] o.h.v.m.ParameterMessageInterpolator     : HV000184: ParameterMessageInterpolator has been chosen, EL interpolation will not be supported
2017-05-27 17:11:26.670  WARN 13968 --- [main] figurationPropertiesBindingPostProcessor : The @ConfigurationProperties bean class sample.simple.SampleConfigurationProperties contains validation constraints but had not been annotated with @Validated.
2017-05-27 17:11:26.801  INFO 13968 --- [main] o.s.j.e.a.AnnotationMBeanExporter        : Registering beans for JMX exposure on startup
2017-05-27 17:11:26.812  INFO 13968 --- [Thread-4] s.c.a.AnnotationConfigApplicationContext : Closing org.springframework.context.annotation.AnnotationConfigApplicationContext@5d12a356: startup date [Sat May 27 17:11:26 CST 2017]; root of context hierarchy
2017-05-27 17:11:26.813  INFO 13968 --- [Thread-4] o.s.j.e.a.AnnotationMBeanExporter        : Unregistering JMX-exposed beans on shutdown
2017-05-27 17:13:14.239  INFO 14852 --- [main] s.c.a.AnnotationConfigApplicationContext : Refreshing org.springframework.context.annotation.AnnotationConfigApplicationContext@5d12a356: startup date [Sat May 27 17:13:14 CST 2017]; root of context hierarchy
2017-05-27 17:13:14.702  WARN 14852 --- [main] o.h.v.m.ParameterMessageInterpolator     : HV000184: ParameterMessageInterpolator has been chosen, EL interpolation will not be supported
2017-05-27 17:13:14.810  WARN 14852 --- [main] o.h.v.m.ParameterMessageInterpolator     : HV000184: ParameterMessageInterpolator has been chosen, EL interpolation will not be supported
2017-05-27 17:13:14.894  WARN 14852 --- [main] figurationPropertiesBindingPostProcessor : The @ConfigurationProperties bean class sample.simple.SampleConfigurationProperties contains validation constraints but had not been annotated with @Validated.
2017-05-27 17:13:15.046  INFO 14852 --- [main] o.s.j.e.a.AnnotationMBeanExporter        : Registering beans for JMX exposure on startup
2017-05-27 17:13:15.056  INFO 14852 --- [Thread-4] s.c.a.AnnotationConfigApplicationContext : Closing org.springframework.context.annotation.AnnotationConfigApplicationContext@5d12a356: startup date [Sat May 27 17:13:14 CST 2017]; root of context hierarchy
2017-05-27 17:13:15.058  INFO 14852 --- [Thread-4] o.s.j.e.a.AnnotationMBeanExporter        : Unregistering JMX-exposed beans on shutdown
2017-05-27 17:13:56.448  INFO 15028 --- [main] sample.simple.SampleSimpleApplication    : Starting SampleSimpleApplication on huaxin-develop with PID 15028 (D:\workspace\IM-Server\build\classes\main started by xj in D:\workspace\IM-Server)
2017-05-27 17:13:56.449 DEBUG 15028 --- [main] sample.simple.SampleSimpleApplication    : Running with Spring Boot v2.0.0.BUILD-SNAPSHOT, Spring v5.0.0.BUILD-SNAPSHOT
2017-05-27 17:13:56.449  INFO 15028 --- [main] sample.simple.SampleSimpleApplication    : No active profile set, falling back to default profiles: default
2017-05-27 17:13:56.499  INFO 15028 --- [main] s.c.a.AnnotationConfigApplicationContext : Refreshing org.springframework.context.annotation.AnnotationConfigApplicationContext@5d12a356: startup date [Sat May 27 17:13:56 CST 2017]; root of context hierarchy
2017-05-27 17:13:56.944  WARN 15028 --- [main] o.h.v.m.ParameterMessageInterpolator     : HV000184: ParameterMessageInterpolator has been chosen, EL interpolation will not be supported
2017-05-27 17:13:57.043 DEBUG 15028 --- [main] sample.simple.SampleSimpleApplication    : Sample Debug Message
2017-05-27 17:13:57.050  WARN 15028 --- [main] o.h.v.m.ParameterMessageInterpolator     : HV000184: ParameterMessageInterpolator has been chosen, EL interpolation will not be supported
2017-05-27 17:13:57.126  WARN 15028 --- [main] figurationPropertiesBindingPostProcessor : The @ConfigurationProperties bean class sample.simple.SampleConfigurationProperties contains validation constraints but had not been annotated with @Validated.
2017-05-27 17:13:57.263  INFO 15028 --- [main] o.s.j.e.a.AnnotationMBeanExporter        : Registering beans for JMX exposure on startup
2017-05-27 17:13:57.273  INFO 15028 --- [main] sample.simple.SampleSimpleApplication    : Started SampleSimpleApplication in 1.768 seconds (JVM running for 2.219)
2017-05-27 17:13:57.275  INFO 15028 --- [Thread-4] s.c.a.AnnotationConfigApplicationContext : Closing org.springframework.context.annotation.AnnotationConfigApplicationContext@5d12a356: startup date [Sat May 27 17:13:56 CST 2017]; root of context hierarchy
2017-05-27 17:13:57.276  INFO 15028 --- [Thread-4] o.s.j.e.a.AnnotationMBeanExporter        : Unregistering JMX-exposed beans on shutdown
2017-05-27 17:14:35.137  INFO 4928 --- [main] s.c.a.AnnotationConfigApplicationContext : Refreshing org.springframework.context.annotation.AnnotationConfigApplicationContext@5d12a356: startup date [Sat May 27 17:14:35 CST 2017]; root of context hierarchy
2017-05-27 17:14:35.600  WARN 4928 --- [main] o.h.v.m.ParameterMessageInterpolator     : HV000184: ParameterMessageInterpolator has been chosen, EL interpolation will not be supported
2017-05-27 17:14:35.710  WARN 4928 --- [main] o.h.v.m.ParameterMessageInterpolator     : HV000184: ParameterMessageInterpolator has been chosen, EL interpolation will not be supported
2017-05-27 17:14:35.785  WARN 4928 --- [main] figurationPropertiesBindingPostProcessor : The @ConfigurationProperties bean class sample.simple.SampleConfigurationProperties contains validation constraints but had not been annotated with @Validated.
2017-05-27 17:14:35.919  INFO 4928 --- [main] o.s.j.e.a.AnnotationMBeanExporter        : Registering beans for JMX exposure on startup
2017-05-27 17:14:35.930  INFO 4928 --- [Thread-4] s.c.a.AnnotationConfigApplicationContext : Closing org.springframework.context.annotation.AnnotationConfigApplicationContext@5d12a356: startup date [Sat May 27 17:14:35 CST 2017]; root of context hierarchy
2017-05-27 17:14:35.932  INFO 4928 --- [Thread-4] o.s.j.e.a.AnnotationMBeanExporter        : Unregistering JMX-exposed beans on shutdown
2017-05-27 17:15:52.017  INFO 12432 --- [main] s.c.a.AnnotationConfigApplicationContext : Refreshing org.springframework.context.annotation.AnnotationConfigApplicationContext@5d12a356: startup date [Sat May 27 17:15:52 CST 2017]; root of context hierarchy
2017-05-27 17:15:52.428  WARN 12432 --- [main] o.h.v.m.ParameterMessageInterpolator     : HV000184: ParameterMessageInterpolator has been chosen, EL interpolation will not be supported
2017-05-27 17:15:52.530  WARN 12432 --- [main] o.h.v.m.ParameterMessageInterpolator     : HV000184: ParameterMessageInterpolator has been chosen, EL interpolation will not be supported
2017-05-27 17:15:52.605  WARN 12432 --- [main] figurationPropertiesBindingPostProcessor : The @ConfigurationProperties bean class sample.simple.SampleConfigurationProperties contains validation constraints but had not been annotated with @Validated.
2017-05-27 17:15:52.742  INFO 12432 --- [main] o.s.j.e.a.AnnotationMBeanExporter        : Registering beans for JMX exposure on startup
2017-05-27 17:15:52.808  INFO 12432 --- [Thread-4] s.c.a.AnnotationConfigApplicationContext : Closing org.springframework.context.annotation.AnnotationConfigApplicationContext@5d12a356: startup date [Sat May 27 17:15:52 CST 2017]; root of context hierarchy
2017-05-27 17:15:52.809  INFO 12432 --- [Thread-4] o.s.j.e.a.AnnotationMBeanExporter        : Unregistering JMX-exposed beans on shutdown
2017-05-27 17:16:11.120  INFO 12480 --- [main] s.c.a.AnnotationConfigApplicationContext : Refreshing org.springframework.context.annotation.AnnotationConfigApplicationContext@5d12a356: startup date [Sat May 27 17:16:11 CST 2017]; root of context hierarchy
2017-05-27 17:16:11.582  WARN 12480 --- [main] o.h.v.m.ParameterMessageInterpolator     : HV000184: ParameterMessageInterpolator has been chosen, EL interpolation will not be supported
2017-05-27 17:16:11.684  WARN 12480 --- [main] o.h.v.m.ParameterMessageInterpolator     : HV000184: ParameterMessageInterpolator has been chosen, EL interpolation will not be supported
2017-05-27 17:16:11.731  WARN 12480 --- [main] figurationPropertiesBindingPostProcessor : The @ConfigurationProperties bean class sample.simple.SampleConfigurationProperties contains validation constraints but had not been annotated with @Validated.
2017-05-27 17:16:11.891  INFO 12480 --- [main] o.s.j.e.a.AnnotationMBeanExporter        : Registering beans for JMX exposure on startup
2017-05-27 17:16:11.903  INFO 12480 --- [Thread-4] s.c.a.AnnotationConfigApplicationContext : Closing org.springframework.context.annotation.AnnotationConfigApplicationContext@5d12a356: startup date [Sat May 27 17:16:11 CST 2017]; root of context hierarchy
2017-05-27 17:16:11.904  INFO 12480 --- [Thread-4] o.s.j.e.a.AnnotationMBeanExporter        : Unregistering JMX-exposed beans on shutdown
2017-05-27 17:16:24.272  INFO 10356 --- [main] s.c.a.AnnotationConfigApplicationContext : Refreshing org.springframework.context.annotation.AnnotationConfigApplicationContext@5d12a356: startup date [Sat May 27 17:16:24 CST 2017]; root of context hierarchy
2017-05-27 17:16:24.692  WARN 10356 --- [main] o.h.v.m.ParameterMessageInterpolator     : HV000184: ParameterMessageInterpolator has been chosen, EL interpolation will not be supported
2017-05-27 17:16:24.791  WARN 10356 --- [main] o.h.v.m.ParameterMessageInterpolator     : HV000184: ParameterMessageInterpolator has been chosen, EL interpolation will not be supported
2017-05-27 17:16:24.866  WARN 10356 --- [main] figurationPropertiesBindingPostProcessor : The @ConfigurationProperties bean class sample.simple.SampleConfigurationProperties contains validation constraints but had not been annotated with @Validated.
2017-05-27 17:16:24.994  INFO 10356 --- [main] o.s.j.e.a.AnnotationMBeanExporter        : Registering beans for JMX exposure on startup
2017-05-27 17:16:25.049  INFO 10356 --- [Thread-4] s.c.a.AnnotationConfigApplicationContext : Closing org.springframework.context.annotation.AnnotationConfigApplicationContext@5d12a356: startup date [Sat May 27 17:16:24 CST 2017]; root of context hierarchy
2017-05-27 17:16:25.050  INFO 10356 --- [Thread-4] o.s.j.e.a.AnnotationMBeanExporter        : Unregistering JMX-exposed beans on shutdown
2017-05-27 17:16:44.077  INFO 13800 --- [main] sample.simple.SampleSimpleApplication    : Starting SampleSimpleApplication on huaxin-develop with PID 13800 (D:\workspace\IM-Server\build\classes\main started by xj in D:\workspace\IM-Server)
2017-05-27 17:16:44.079  INFO 13800 --- [main] sample.simple.SampleSimpleApplication    : No active profile set, falling back to default profiles: default
2017-05-27 17:16:44.140  INFO 13800 --- [main] s.c.a.AnnotationConfigApplicationContext : Refreshing org.springframework.context.annotation.AnnotationConfigApplicationContext@5d12a356: startup date [Sat May 27 17:16:44 CST 2017]; root of context hierarchy
2017-05-27 17:16:44.604  WARN 13800 --- [main] o.h.v.m.ParameterMessageInterpolator     : HV000184: ParameterMessageInterpolator has been chosen, EL interpolation will not be supported
2017-05-27 17:16:44.723  WARN 13800 --- [main] o.h.v.m.ParameterMessageInterpolator     : HV000184: ParameterMessageInterpolator has been chosen, EL interpolation will not be supported
2017-05-27 17:16:44.799  WARN 13800 --- [main] figurationPropertiesBindingPostProcessor : The @ConfigurationProperties bean class sample.simple.SampleConfigurationProperties contains validation constraints but had not been annotated with @Validated.
2017-05-27 17:16:44.937  INFO 13800 --- [main] o.s.j.e.a.AnnotationMBeanExporter        : Registering beans for JMX exposure on startup
2017-05-27 17:16:44.947  INFO 13800 --- [main] sample.simple.SampleSimpleApplication    : Started SampleSimpleApplication in 1.832 seconds (JVM running for 2.249)
2017-05-27 17:16:44.948  INFO 13800 --- [Thread-4] s.c.a.AnnotationConfigApplicationContext : Closing org.springframework.context.annotation.AnnotationConfigApplicationContext@5d12a356: startup date [Sat May 27 17:16:44 CST 2017]; root of context hierarchy
2017-05-27 17:16:44.949  INFO 13800 --- [Thread-4] o.s.j.e.a.AnnotationMBeanExporter        : Unregistering JMX-exposed beans on shutdown
2017-05-27 17:31:45.623  INFO 9444 --- [main] sample.simple.SampleSimpleApplication    : Starting SampleSimpleApplication on huaxin-develop with PID 9444 (D:\workspace\IM-Server\build\classes\main started by xj in D:\workspace\IM-Server)
2017-05-27 17:31:45.625  INFO 9444 --- [main] sample.simple.SampleSimpleApplication    : No active profile set, falling back to default profiles: default
2017-05-27 17:31:45.676  INFO 9444 --- [main] s.c.a.AnnotationConfigApplicationContext : Refreshing org.springframework.context.annotation.AnnotationConfigApplicationContext@59d2400d: startup date [Sat May 27 17:31:45 CST 2017]; root of context hierarchy
2017-05-27 17:31:46.081  INFO 9444 --- [main] .s.d.r.c.RepositoryConfigurationDelegate : Multiple Spring Data modules found, entering strict repository configuration mode!
2017-05-27 17:31:46.290  WARN 9444 --- [main] o.h.v.m.ParameterMessageInterpolator     : HV000184: ParameterMessageInterpolator has been chosen, EL interpolation will not be supported
2017-05-27 17:31:46.393  WARN 9444 --- [main] o.h.v.m.ParameterMessageInterpolator     : HV000184: ParameterMessageInterpolator has been chosen, EL interpolation will not be supported
2017-05-27 17:31:46.410  WARN 9444 --- [main] s.c.a.AnnotationConfigApplicationContext : Exception encountered during context initialization - cancelling refresh attempt: org.springframework.beans.factory.UnsatisfiedDependencyException: Error creating bean with name 'sampleSimpleApplication': Unsatisfied dependency expressed through field 'template'; nested exception is org.springframework.beans.factory.UnsatisfiedDependencyException: Error creating bean with name 'stringRedisTemplate' defined in class path resource [org/springframework/boot/autoconfigure/data/redis/RedisAutoConfiguration.class]: Unsatisfied dependency expressed through method 'stringRedisTemplate' parameter 0; nested exception is org.springframework.beans.factory.UnsatisfiedDependencyException: Error creating bean with name 'org.springframework.boot.autoconfigure.data.redis.JedisConnectionConfiguration': Unsatisfied dependency expressed through constructor parameter 0; nested exception is org.springframework.beans.factory.BeanCreationException: Error creating bean with name 'spring.redis-org.springframework.boot.autoconfigure.data.redis.RedisProperties': Could not bind properties to RedisProperties (prefix=spring.redis, ignoreInvalidFields=false, ignoreUnknownFields=true); nested exception is org.springframework.boot.context.properties.bind.BindException: Failed to bind properties under 'spring.redis.database' to int
2017-05-27 17:31:46.417  INFO 9444 --- [main] utoConfigurationReportLoggingInitializer : 

Error starting ApplicationContext. To display the auto-configuration report re-run your application with 'debug' enabled.
2017-05-27 17:31:46.419 ERROR 9444 --- [main] o.s.b.d.LoggingFailureAnalysisReporter   : 

***************************
APPLICATION FAILED TO START
***************************

Description:

A bean named 'sampleSimpleApplication' failed to be created:

	For input string: "myredis"

2017-05-27 17:32:28.956  INFO 6200 --- [main] sample.simple.SampleSimpleApplication    : Starting SampleSimpleApplication on huaxin-develop with PID 6200 (D:\workspace\IM-Server\build\classes\main started by xj in D:\workspace\IM-Server)
2017-05-27 17:32:28.958  INFO 6200 --- [main] sample.simple.SampleSimpleApplication    : No active profile set, falling back to default profiles: default
2017-05-27 17:32:29.005  INFO 6200 --- [main] s.c.a.AnnotationConfigApplicationContext : Refreshing org.springframework.context.annotation.AnnotationConfigApplicationContext@59d2400d: startup date [Sat May 27 17:32:29 CST 2017]; root of context hierarchy
2017-05-27 17:32:29.374  INFO 6200 --- [main] .s.d.r.c.RepositoryConfigurationDelegate : Multiple Spring Data modules found, entering strict repository configuration mode!
2017-05-27 17:32:29.588  WARN 6200 --- [main] o.h.v.m.ParameterMessageInterpolator     : HV000184: ParameterMessageInterpolator has been chosen, EL interpolation will not be supported
2017-05-27 17:32:29.686  WARN 6200 --- [main] o.h.v.m.ParameterMessageInterpolator     : HV000184: ParameterMessageInterpolator has been chosen, EL interpolation will not be supported
2017-05-27 17:32:29.701  WARN 6200 --- [main] s.c.a.AnnotationConfigApplicationContext : Exception encountered during context initialization - cancelling refresh attempt: org.springframework.beans.factory.UnsatisfiedDependencyException: Error creating bean with name 'sampleSimpleApplication': Unsatisfied dependency expressed through field 'template'; nested exception is org.springframework.beans.factory.UnsatisfiedDependencyException: Error creating bean with name 'stringRedisTemplate' defined in class path resource [org/springframework/boot/autoconfigure/data/redis/RedisAutoConfiguration.class]: Unsatisfied dependency expressed through method 'stringRedisTemplate' parameter 0; nested exception is org.springframework.beans.factory.UnsatisfiedDependencyException: Error creating bean with name 'org.springframework.boot.autoconfigure.data.redis.JedisConnectionConfiguration': Unsatisfied dependency expressed through constructor parameter 0; nested exception is org.springframework.beans.factory.BeanCreationException: Error creating bean with name 'spring.redis-org.springframework.boot.autoconfigure.data.redis.RedisProperties': Could not bind properties to RedisProperties (prefix=spring.redis, ignoreInvalidFields=false, ignoreUnknownFields=true); nested exception is org.springframework.boot.context.properties.bind.BindException: Failed to bind properties under 'spring.redis.database' to int
2017-05-27 17:32:29.707  INFO 6200 --- [main] utoConfigurationReportLoggingInitializer : 

Error starting ApplicationContext. To display the auto-configuration report re-run your application with 'debug' enabled.
2017-05-27 17:32:29.709 ERROR 6200 --- [main] o.s.b.d.LoggingFailureAnalysisReporter   : 

***************************
APPLICATION FAILED TO START
***************************

Description:

A bean named 'sampleSimpleApplication' failed to be created:

	For input string: "template"

2017-05-27 17:33:16.337  INFO 7172 --- [main] sample.simple.SampleSimpleApplication    : Starting SampleSimpleApplication on huaxin-develop with PID 7172 (D:\workspace\IM-Server\build\classes\main started by xj in D:\workspace\IM-Server)
2017-05-27 17:33:16.338  INFO 7172 --- [main] sample.simple.SampleSimpleApplication    : No active profile set, falling back to default profiles: default
2017-05-27 17:33:16.398  INFO 7172 --- [main] s.c.a.AnnotationConfigApplicationContext : Refreshing org.springframework.context.annotation.AnnotationConfigApplicationContext@59d2400d: startup date [Sat May 27 17:33:16 CST 2017]; root of context hierarchy
2017-05-27 17:33:16.773  INFO 7172 --- [main] .s.d.r.c.RepositoryConfigurationDelegate : Multiple Spring Data modules found, entering strict repository configuration mode!
2017-05-27 17:33:16.981  WARN 7172 --- [main] o.h.v.m.ParameterMessageInterpolator     : HV000184: ParameterMessageInterpolator has been chosen, EL interpolation will not be supported
2017-05-27 17:33:17.083  WARN 7172 --- [main] o.h.v.m.ParameterMessageInterpolator     : HV000184: ParameterMessageInterpolator has been chosen, EL interpolation will not be supported
2017-05-27 17:33:17.341  WARN 7172 --- [main] figurationPropertiesBindingPostProcessor : The @ConfigurationProperties bean class sample.simple.SampleConfigurationProperties contains validation constraints but had not been annotated with @Validated.
2017-05-27 17:33:17.567  INFO 7172 --- [main] o.s.j.e.a.AnnotationMBeanExporter        : Registering beans for JMX exposure on startup
2017-05-27 17:33:17.633  INFO 7172 --- [main] sample.simple.SampleSimpleApplication    : Started SampleSimpleApplication in 2.251 seconds (JVM running for 2.685)
2017-05-27 17:33:17.644  INFO 7172 --- [Thread-6] s.c.a.AnnotationConfigApplicationContext : Closing org.springframework.context.annotation.AnnotationConfigApplicationContext@59d2400d: startup date [Sat May 27 17:33:16 CST 2017]; root of context hierarchy
2017-05-27 17:33:17.646  INFO 7172 --- [Thread-6] o.s.j.e.a.AnnotationMBeanExporter        : Unregistering JMX-exposed beans on shutdown
2017-05-27 17:37:22.144  INFO 9792 --- [main] sample.simple.SampleSimpleApplication    : Starting SampleSimpleApplication on huaxin-develop with PID 9792 (D:\workspace\IM-Server\build\classes\main started by xj in D:\workspace\IM-Server)
2017-05-27 17:37:22.146  INFO 9792 --- [main] sample.simple.SampleSimpleApplication    : No active profile set, falling back to default profiles: default
2017-05-27 17:37:22.203  INFO 9792 --- [main] s.c.a.AnnotationConfigApplicationContext : Refreshing org.springframework.context.annotation.AnnotationConfigApplicationContext@44b3606b: startup date [Sat May 27 17:37:22 CST 2017]; root of context hierarchy
2017-05-27 17:37:22.592  INFO 9792 --- [main] .s.d.r.c.RepositoryConfigurationDelegate : Multiple Spring Data modules found, entering strict repository configuration mode!
2017-05-27 17:37:22.799  WARN 9792 --- [main] o.h.v.m.ParameterMessageInterpolator     : HV000184: ParameterMessageInterpolator has been chosen, EL interpolation will not be supported
2017-05-27 17:37:22.904  WARN 9792 --- [main] o.h.v.m.ParameterMessageInterpolator     : HV000184: ParameterMessageInterpolator has been chosen, EL interpolation will not be supported
2017-05-27 17:37:23.075  WARN 9792 --- [main] figurationPropertiesBindingPostProcessor : The @ConfigurationProperties bean class sample.simple.SampleConfigurationProperties contains validation constraints but had not been annotated with @Validated.
2017-05-27 17:37:23.319  INFO 9792 --- [main] o.s.j.e.a.AnnotationMBeanExporter        : Registering beans for JMX exposure on startup
2017-05-27 17:37:23.381  INFO 9792 --- [main] sample.simple.SampleSimpleApplication    : Started SampleSimpleApplication in 2.235 seconds (JVM running for 2.667)
2017-05-27 17:37:23.386  INFO 9792 --- [Thread-6] s.c.a.AnnotationConfigApplicationContext : Closing org.springframework.context.annotation.AnnotationConfigApplicationContext@44b3606b: startup date [Sat May 27 17:37:22 CST 2017]; root of context hierarchy
2017-05-27 17:37:23.391  INFO 9792 --- [Thread-6] o.s.j.e.a.AnnotationMBeanExporter        : Unregistering JMX-exposed beans on shutdown
2017-05-27 17:46:07.395  INFO 7904 --- [main] sample.simple.SampleSimpleApplication    : Starting SampleSimpleApplication on huaxin-develop with PID 7904 (D:\workspace\IM-Server\build\classes\main started by xj in D:\workspace\IM-Server)
2017-05-27 17:46:07.396  INFO 7904 --- [main] sample.simple.SampleSimpleApplication    : No active profile set, falling back to default profiles: default
2017-05-27 17:46:07.444  INFO 7904 --- [main] s.c.a.AnnotationConfigApplicationContext : Refreshing org.springframework.context.annotation.AnnotationConfigApplicationContext@2cc44ad: startup date [Sat May 27 17:46:07 CST 2017]; root of context hierarchy
2017-05-27 17:46:07.894  INFO 7904 --- [main] .s.d.r.c.RepositoryConfigurationDelegate : Multiple Spring Data modules found, entering strict repository configuration mode!
2017-05-27 17:46:08.124  WARN 7904 --- [main] o.h.v.m.ParameterMessageInterpolator     : HV000184: ParameterMessageInterpolator has been chosen, EL interpolation will not be supported
2017-05-27 17:46:08.250  WARN 7904 --- [main] o.h.v.m.ParameterMessageInterpolator     : HV000184: ParameterMessageInterpolator has been chosen, EL interpolation will not be supported
2017-05-27 17:46:08.446  WARN 7904 --- [main] figurationPropertiesBindingPostProcessor : The @ConfigurationProperties bean class sample.simple.SampleConfigurationProperties contains validation constraints but had not been annotated with @Validated.
2017-05-27 17:46:08.817  INFO 7904 --- [main] o.s.j.e.a.AnnotationMBeanExporter        : Registering beans for JMX exposure on startup
2017-05-27 17:46:08.825  INFO 7904 --- [main] o.s.c.support.DefaultLifecycleProcessor  : Starting beans in phase 2147483647
2017-05-27 17:46:08.835  INFO 7904 --- [main] sample.simple.SampleSimpleApplication    : Started SampleSimpleApplication in 2.38 seconds (JVM running for 2.842)
2017-05-27 17:46:08.836  INFO 7904 --- [Thread-6] s.c.a.AnnotationConfigApplicationContext : Closing org.springframework.context.annotation.AnnotationConfigApplicationContext@2cc44ad: startup date [Sat May 27 17:46:07 CST 2017]; root of context hierarchy
2017-05-27 17:46:08.849  INFO 7904 --- [Thread-6] o.s.c.support.DefaultLifecycleProcessor  : Stopping beans in phase 2147483647
2017-05-27 17:46:08.851  INFO 7904 --- [Thread-6] o.s.j.e.a.AnnotationMBeanExporter        : Unregistering JMX-exposed beans on shutdown
2017-05-27 18:41:51.553  INFO 4928 --- [main] sample.simple.SampleSimpleApplication    : Starting SampleSimpleApplication on huaxin-develop with PID 4928 (D:\workspace\IM-Server\build\classes\main started by xj in D:\workspace\IM-Server)
2017-05-27 18:41:51.555  INFO 4928 --- [main] sample.simple.SampleSimpleApplication    : No active profile set, falling back to default profiles: default
2017-05-27 18:41:51.594  INFO 4928 --- [main] s.c.a.AnnotationConfigApplicationContext : Refreshing org.springframework.context.annotation.AnnotationConfigApplicationContext@a1153bc: startup date [Sat May 27 18:41:51 CST 2017]; root of context hierarchy
2017-05-27 18:41:51.926  INFO 4928 --- [main] .s.d.r.c.RepositoryConfigurationDelegate : Multiple Spring Data modules found, entering strict repository configuration mode!
2017-05-27 18:41:52.129  WARN 4928 --- [main] o.h.v.m.ParameterMessageInterpolator     : HV000184: ParameterMessageInterpolator has been chosen, EL interpolation will not be supported
2017-05-27 18:41:52.239  WARN 4928 --- [main] o.h.v.m.ParameterMessageInterpolator     : HV000184: ParameterMessageInterpolator has been chosen, EL interpolation will not be supported
2017-05-27 18:41:52.387  WARN 4928 --- [main] figurationPropertiesBindingPostProcessor : The @ConfigurationProperties bean class sample.simple.SampleConfigurationProperties contains validation constraints but had not been annotated with @Validated.
2017-05-27 18:41:52.671  INFO 4928 --- [main] o.s.j.e.a.AnnotationMBeanExporter        : Registering beans for JMX exposure on startup
2017-05-27 18:41:52.675  INFO 4928 --- [main] o.s.c.support.DefaultLifecycleProcessor  : Starting beans in phase 2147483647
2017-05-27 18:41:52.683  INFO 4928 --- [main] sample.simple.SampleSimpleApplication    : Started SampleSimpleApplication in 1.995 seconds (JVM running for 2.376)
2017-05-27 18:41:52.684  INFO 4928 --- [Thread-6] s.c.a.AnnotationConfigApplicationContext : Closing org.springframework.context.annotation.AnnotationConfigApplicationContext@a1153bc: startup date [Sat May 27 18:41:51 CST 2017]; root of context hierarchy
2017-05-27 18:41:52.687  INFO 4928 --- [Thread-6] o.s.c.support.DefaultLifecycleProcessor  : Stopping beans in phase 2147483647
2017-05-27 18:41:52.688  INFO 4928 --- [Thread-6] o.s.j.e.a.AnnotationMBeanExporter        : Unregistering JMX-exposed beans on shutdown
2017-05-27 18:49:31.663  INFO 14392 --- [main] com.longlian.MainApplication             : Starting MainApplication on huaxin-develop with PID 14392 (D:\workspace\IM-Server\build\classes\main started by xj in D:\workspace\IM-Server)
2017-05-27 18:49:31.664  INFO 14392 --- [main] com.longlian.MainApplication             : No active profile set, falling back to default profiles: default
2017-05-27 18:49:31.712  INFO 14392 --- [main] s.c.a.AnnotationConfigApplicationContext : Refreshing org.springframework.context.annotation.AnnotationConfigApplicationContext@a1153bc: startup date [Sat May 27 18:49:31 CST 2017]; root of context hierarchy
2017-05-27 18:49:32.101  INFO 14392 --- [main] .s.d.r.c.RepositoryConfigurationDelegate : Multiple Spring Data modules found, entering strict repository configuration mode!
2017-05-27 18:49:32.304  WARN 14392 --- [main] o.h.v.m.ParameterMessageInterpolator     : HV000184: ParameterMessageInterpolator has been chosen, EL interpolation will not be supported
2017-05-27 18:49:32.411  WARN 14392 --- [main] o.h.v.m.ParameterMessageInterpolator     : HV000184: ParameterMessageInterpolator has been chosen, EL interpolation will not be supported
2017-05-27 18:49:32.918  INFO 14392 --- [main] com.alibaba.druid.pool.DruidDataSource   : {dataSource-1} inited
2017-05-27 18:49:33.371  INFO 14392 --- [main] o.s.j.e.a.AnnotationMBeanExporter        : Registering beans for JMX exposure on startup
2017-05-27 18:49:33.372  INFO 14392 --- [main] o.s.j.e.a.AnnotationMBeanExporter        : Bean with name 'dataSource' has been autodetected for JMX exposure
2017-05-27 18:49:33.375  INFO 14392 --- [main] o.s.j.e.a.AnnotationMBeanExporter        : Located MBean 'dataSource': registering with JMX server as MBean [com.alibaba.druid.pool:name=dataSource,type=DruidDataSource]
2017-05-27 18:49:33.378  INFO 14392 --- [main] o.s.c.support.DefaultLifecycleProcessor  : Starting beans in phase 2147483647
2017-05-27 18:49:33.389  INFO 14392 --- [main] com.longlian.MainApplication             : Started MainApplication in 2.591 seconds (JVM running for 2.966)
2017-05-27 18:49:33.390  INFO 14392 --- [Thread-6] s.c.a.AnnotationConfigApplicationContext : Closing org.springframework.context.annotation.AnnotationConfigApplicationContext@a1153bc: startup date [Sat May 27 18:49:31 CST 2017]; root of context hierarchy
2017-05-27 18:49:33.391  INFO 14392 --- [Thread-6] o.s.c.support.DefaultLifecycleProcessor  : Stopping beans in phase 2147483647
2017-05-27 18:49:33.392  INFO 14392 --- [Thread-6] o.s.j.e.a.AnnotationMBeanExporter        : Unregistering JMX-exposed beans on shutdown
2017-05-27 18:49:33.393  INFO 14392 --- [Thread-6] o.s.j.e.a.AnnotationMBeanExporter        : Unregistering JMX-exposed beans
2017-05-27 18:49:33.395  INFO 14392 --- [Thread-6] com.alibaba.druid.pool.DruidDataSource   : {dataSource-1} closed
2017-05-27 18:58:40.901  INFO 3672 --- [main] com.longlian.MainApplication             : Starting MainApplication on huaxin-develop with PID 3672 (D:\workspace\IM-Server\build\classes\main started by xj in D:\workspace\IM-Server)
2017-05-27 18:58:40.903  INFO 3672 --- [main] com.longlian.MainApplication             : No active profile set, falling back to default profiles: default
2017-05-27 18:58:40.953  INFO 3672 --- [main] s.c.a.AnnotationConfigApplicationContext : Refreshing org.springframework.context.annotation.AnnotationConfigApplicationContext@75cd8043: startup date [Sat May 27 18:58:40 CST 2017]; root of context hierarchy
2017-05-27 18:58:41.374  INFO 3672 --- [main] .s.d.r.c.RepositoryConfigurationDelegate : Multiple Spring Data modules found, entering strict repository configuration mode!
2017-05-27 18:58:41.608  WARN 3672 --- [main] o.h.v.m.ParameterMessageInterpolator     : HV000184: ParameterMessageInterpolator has been chosen, EL interpolation will not be supported
2017-05-27 18:58:41.725  WARN 3672 --- [main] s.c.a.AnnotationConfigApplicationContext : Exception encountered during context initialization - cancelling refresh attempt: org.springframework.beans.factory.UnsatisfiedDependencyException: Error creating bean with name 'mainApplication': Unsatisfied dependency expressed through field 'courseService'; nested exception is org.springframework.beans.factory.UnsatisfiedDependencyException: Error creating bean with name 'courseService': Unsatisfied dependency expressed through field 'courseMapper'; nested exception is org.springframework.beans.factory.NoSuchBeanDefinitionException: No qualifying bean of type 'com.longlian.dao.CourseMapper' available: expected at least 1 bean which qualifies as autowire candidate. Dependency annotations: {@org.springframework.beans.factory.annotation.Autowired(required=true)}
2017-05-27 18:58:41.732  INFO 3672 --- [main] utoConfigurationReportLoggingInitializer : 

Error starting ApplicationContext. To display the auto-configuration report re-run your application with 'debug' enabled.
2017-05-27 18:58:41.734 ERROR 3672 --- [main] o.s.b.d.LoggingFailureAnalysisReporter   : 

***************************
APPLICATION FAILED TO START
***************************

Description:

A bean named 'mainApplication' failed to be created:

	No qualifying bean of type 'com.longlian.dao.CourseMapper' available: expected at least 1 bean which qualifies as autowire candidate. Dependency annotations: {@org.springframework.beans.factory.annotation.Autowired(required=true)}

2017-05-27 19:38:00.457  INFO 9336 --- [main] com.longlian.MainApplication             : Starting MainApplication on huaxin-develop with PID 9336 (D:\workspace\IM-Server\build\classes\main started by xj in D:\workspace\IM-Server)
2017-05-27 19:38:00.459  INFO 9336 --- [main] com.longlian.MainApplication             : No active profile set, falling back to default profiles: default
2017-05-27 19:38:00.532  INFO 9336 --- [main] s.c.a.AnnotationConfigApplicationContext : Refreshing org.springframework.context.annotation.AnnotationConfigApplicationContext@3a3e78f: startup date [Sat May 27 19:38:00 CST 2017]; root of context hierarchy
2017-05-27 19:38:01.154  INFO 9336 --- [main] .s.d.r.c.RepositoryConfigurationDelegate : Multiple Spring Data modules found, entering strict repository configuration mode!
2017-05-27 19:38:01.465  WARN 9336 --- [main] o.h.v.m.ParameterMessageInterpolator     : HV000184: ParameterMessageInterpolator has been chosen, EL interpolation will not be supported
2017-05-27 19:38:01.672  WARN 9336 --- [main] o.h.v.m.ParameterMessageInterpolator     : HV000184: ParameterMessageInterpolator has been chosen, EL interpolation will not be supported
2017-05-27 19:38:02.170  INFO 9336 --- [main] com.alibaba.druid.pool.DruidDataSource   : {dataSource-1} inited
2017-05-27 19:38:02.548 ERROR 9336 --- [main] o.m.spring.mapper.MapperFactoryBean      : Error while adding the mapper 'interface com.longlian.dao.CourseMapper' to configuration.

org.apache.ibatis.builder.BuilderException: Error parsing Mapper XML. Cause: org.apache.ibatis.builder.BuilderException: Wrong namespace. Expected 'com.longlian.dao.CourseMapper' but found 'com.longlian.mq.dao.CourseMapper'.
	at org.apache.ibatis.builder.xml.XMLMapperBuilder.configurationElement(XMLMapperBuilder.java:120)
	at org.apache.ibatis.builder.xml.XMLMapperBuilder.parse(XMLMapperBuilder.java:92)
	at org.apache.ibatis.builder.annotation.MapperAnnotationBuilder.loadXmlResource(MapperAnnotationBuilder.java:169)
	at org.apache.ibatis.builder.annotation.MapperAnnotationBuilder.parse(MapperAnnotationBuilder.java:120)
	at org.apache.ibatis.binding.MapperRegistry.addMapper(MapperRegistry.java:72)
	at org.apache.ibatis.session.Configuration.addMapper(Configuration.java:706)
	at org.mybatis.spring.mapper.MapperFactoryBean.checkDaoConfig(MapperFactoryBean.java:81)
	at org.springframework.dao.support.DaoSupport.afterPropertiesSet(DaoSupport.java:44)
	at org.springframework.beans.factory.support.AbstractAutowireCapableBeanFactory.invokeInitMethods(AbstractAutowireCapableBeanFactory.java:1770)
	at org.springframework.beans.factory.support.AbstractAutowireCapableBeanFactory.initializeBean(AbstractAutowireCapableBeanFactory.java:1707)
	at org.springframework.beans.factory.support.AbstractAutowireCapableBeanFactory.doCreateBean(AbstractAutowireCapableBeanFactory.java:577)
	at org.springframework.beans.factory.support.AbstractAutowireCapableBeanFactory.createBean(AbstractAutowireCapableBeanFactory.java:492)
	at org.springframework.beans.factory.support.AbstractBeanFactory$1.getObject(AbstractBeanFactory.java:303)
	at org.springframework.beans.factory.support.DefaultSingletonBeanRegistry.getSingleton(DefaultSingletonBeanRegistry.java:232)
	at org.springframework.beans.factory.support.AbstractBeanFactory.doGetBean(AbstractBeanFactory.java:299)
	at org.springframework.beans.factory.support.AbstractBeanFactory.getBean(AbstractBeanFactory.java:199)
	at org.springframework.beans.factory.config.DependencyDescriptor.resolveCandidate(DependencyDescriptor.java:253)
	at org.springframework.beans.factory.support.DefaultListableBeanFactory.doResolveDependency(DefaultListableBeanFactory.java:1133)
	at org.springframework.beans.factory.support.DefaultListableBeanFactory.resolveDependency(DefaultListableBeanFactory.java:1060)
	at org.springframework.beans.factory.annotation.AutowiredAnnotationBeanPostProcessor$AutowiredFieldElement.inject(AutowiredAnnotationBeanPostProcessor.java:572)
	at org.springframework.beans.factory.annotation.InjectionMetadata.inject(InjectionMetadata.java:89)
	at org.springframework.beans.factory.annotation.AutowiredAnnotationBeanPostProcessor.postProcessPropertyValues(AutowiredAnnotationBeanPostProcessor.java:359)
	at org.springframework.beans.factory.support.AbstractAutowireCapableBeanFactory.populateBean(AbstractAutowireCapableBeanFactory.java:1347)
	at org.springframework.beans.factory.support.AbstractAutowireCapableBeanFactory.doCreateBean(AbstractAutowireCapableBeanFactory.java:575)
	at org.springframework.beans.factory.support.AbstractAutowireCapableBeanFactory.createBean(AbstractAutowireCapableBeanFactory.java:492)
	at org.springframework.beans.factory.support.AbstractBeanFactory$1.getObject(AbstractBeanFactory.java:303)
	at org.springframework.beans.factory.support.DefaultSingletonBeanRegistry.getSingleton(DefaultSingletonBeanRegistry.java:232)
	at org.springframework.beans.factory.support.AbstractBeanFactory.doGetBean(AbstractBeanFactory.java:299)
	at org.springframework.beans.factory.support.AbstractBeanFactory.getBean(AbstractBeanFactory.java:199)
	at org.springframework.beans.factory.config.DependencyDescriptor.resolveCandidate(DependencyDescriptor.java:253)
	at org.springframework.beans.factory.support.DefaultListableBeanFactory.doResolveDependency(DefaultListableBeanFactory.java:1133)
	at org.springframework.beans.factory.support.DefaultListableBeanFactory.resolveDependency(DefaultListableBeanFactory.java:1060)
	at org.springframework.beans.factory.annotation.AutowiredAnnotationBeanPostProcessor$AutowiredFieldElement.inject(AutowiredAnnotationBeanPostProcessor.java:572)
	at org.springframework.beans.factory.annotation.InjectionMetadata.inject(InjectionMetadata.java:89)
	at org.springframework.beans.factory.annotation.AutowiredAnnotationBeanPostProcessor.postProcessPropertyValues(AutowiredAnnotationBeanPostProcessor.java:359)
	at org.springframework.beans.factory.support.AbstractAutowireCapableBeanFactory.populateBean(AbstractAutowireCapableBeanFactory.java:1347)
	at org.springframework.beans.factory.support.AbstractAutowireCapableBeanFactory.doCreateBean(AbstractAutowireCapableBeanFactory.java:575)
	at org.springframework.beans.factory.support.AbstractAutowireCapableBeanFactory.createBean(AbstractAutowireCapableBeanFactory.java:492)
	at org.springframework.beans.factory.support.AbstractBeanFactory$1.getObject(AbstractBeanFactory.java:303)
	at org.springframework.beans.factory.support.DefaultSingletonBeanRegistry.getSingleton(DefaultSingletonBeanRegistry.java:232)
	at org.springframework.beans.factory.support.AbstractBeanFactory.doGetBean(AbstractBeanFactory.java:299)
	at org.springframework.beans.factory.support.AbstractBeanFactory.getBean(AbstractBeanFactory.java:194)
	at org.springframework.beans.factory.support.DefaultListableBeanFactory.preInstantiateSingletons(DefaultListableBeanFactory.java:754)
	at org.springframework.context.support.AbstractApplicationContext.finishBeanFactoryInitialization(AbstractApplicationContext.java:866)
	at org.springframework.context.support.AbstractApplicationContext.refresh(AbstractApplicationContext.java:542)
	at org.springframework.boot.SpringApplication.refresh(SpringApplication.java:795)
	at org.springframework.boot.SpringApplication.refreshContext(SpringApplication.java:397)
	at org.springframework.boot.SpringApplication.run(SpringApplication.java:338)
	at org.springframework.boot.SpringApplication.run(SpringApplication.java:1290)
	at org.springframework.boot.SpringApplication.run(SpringApplication.java:1278)
	at com.longlian.MainApplication.main(MainApplication.java:51)
Caused by: org.apache.ibatis.builder.BuilderException: Wrong namespace. Expected 'com.longlian.dao.CourseMapper' but found 'com.longlian.mq.dao.CourseMapper'.
	at org.apache.ibatis.builder.MapperBuilderAssistant.setCurrentNamespace(MapperBuilderAssistant.java:78)
	at org.apache.ibatis.builder.xml.XMLMapperBuilder.configurationElement(XMLMapperBuilder.java:112)
	... 50 common frames omitted

2017-05-27 19:38:02.552  WARN 9336 --- [main] s.c.a.AnnotationConfigApplicationContext : Exception encountered during context initialization - cancelling refresh attempt: org.springframework.beans.factory.UnsatisfiedDependencyException: Error creating bean with name 'mainApplication': Unsatisfied dependency expressed through field 'courseService'; nested exception is org.springframework.beans.factory.UnsatisfiedDependencyException: Error creating bean with name 'courseService': Unsatisfied dependency expressed through field 'courseMapper'; nested exception is org.springframework.beans.factory.BeanCreationException: Error creating bean with name 'courseMapper' defined in file [D:\workspace\IM-Server\build\classes\main\com\longlian\dao\CourseMapper.class]: Invocation of init method failed; nested exception is java.lang.IllegalArgumentException: org.apache.ibatis.builder.BuilderException: Error parsing Mapper XML. Cause: org.apache.ibatis.builder.BuilderException: Wrong namespace. Expected 'com.longlian.dao.CourseMapper' but found 'com.longlian.mq.dao.CourseMapper'.
2017-05-27 19:38:02.554  INFO 9336 --- [main] com.alibaba.druid.pool.DruidDataSource   : {dataSource-1} closed
2017-05-27 19:38:02.561  INFO 9336 --- [main] utoConfigurationReportLoggingInitializer : 

Error starting ApplicationContext. To display the auto-configuration report re-run your application with 'debug' enabled.
2017-05-27 19:38:02.563 ERROR 9336 --- [main] o.s.b.d.LoggingFailureAnalysisReporter   : 

***************************
APPLICATION FAILED TO START
***************************

Description:

A bean named 'mainApplication' failed to be created:

	Wrong namespace. Expected 'com.longlian.dao.CourseMapper' but found 'com.longlian.mq.dao.CourseMapper'.

2017-05-27 19:38:33.933  INFO 13980 --- [main] com.longlian.MainApplication             : Starting MainApplication on huaxin-develop with PID 13980 (D:\workspace\IM-Server\build\classes\main started by xj in D:\workspace\IM-Server)
2017-05-27 19:38:33.934  INFO 13980 --- [main] com.longlian.MainApplication             : No active profile set, falling back to default profiles: default
2017-05-27 19:38:33.989  INFO 13980 --- [main] s.c.a.AnnotationConfigApplicationContext : Refreshing org.springframework.context.annotation.AnnotationConfigApplicationContext@3a3e78f: startup date [Sat May 27 19:38:33 CST 2017]; root of context hierarchy
2017-05-27 19:38:34.518  INFO 13980 --- [main] .s.d.r.c.RepositoryConfigurationDelegate : Multiple Spring Data modules found, entering strict repository configuration mode!
2017-05-27 19:38:34.796  WARN 13980 --- [main] o.h.v.m.ParameterMessageInterpolator     : HV000184: ParameterMessageInterpolator has been chosen, EL interpolation will not be supported
2017-05-27 19:38:34.979  WARN 13980 --- [main] o.h.v.m.ParameterMessageInterpolator     : HV000184: ParameterMessageInterpolator has been chosen, EL interpolation will not be supported
2017-05-27 19:38:35.442  INFO 13980 --- [main] com.alibaba.druid.pool.DruidDataSource   : {dataSource-1} inited
2017-05-27 19:38:35.982  WARN 13980 --- [main] s.c.a.AnnotationConfigApplicationContext : Exception encountered during context initialization - cancelling refresh attempt: org.springframework.beans.factory.BeanCreationException: Error creating bean with name 'com.github.pagehelper.autoconfigure.PageHelperAutoConfiguration': Post-processing of merged bean definition failed; nested exception is java.lang.IllegalStateException: Failed to introspect Class [com.github.pagehelper.autoconfigure.PageHelperAutoConfiguration] from ClassLoader [sun.misc.Launcher$AppClassLoader@14dad5dc]
2017-05-27 19:38:35.986  INFO 13980 --- [main] com.alibaba.druid.pool.DruidDataSource   : {dataSource-1} closed
2017-05-27 19:38:35.994  INFO 13980 --- [main] utoConfigurationReportLoggingInitializer : 

Error starting ApplicationContext. To display the auto-configuration report re-run your application with 'debug' enabled.
2017-05-27 19:38:35.996 ERROR 13980 --- [main] o.s.b.d.LoggingFailureAnalysisReporter   : 

***************************
APPLICATION FAILED TO START
***************************

Description:

A bean named 'com.github.pagehelper.autoconfigure.PageHelperAutoConfiguration' failed to be created:

	org.springframework.boot.bind.RelaxedPropertyResolver

2017-05-27 19:40:39.741  INFO 8948 --- [main] com.longlian.MainApplication             : Starting MainApplication on huaxin-develop with PID 8948 (D:\workspace\IM-Server\build\classes\main started by xj in D:\workspace\IM-Server)
2017-05-27 19:40:39.743  INFO 8948 --- [main] com.longlian.MainApplication             : No active profile set, falling back to default profiles: default
2017-05-27 19:40:39.799  INFO 8948 --- [main] s.c.a.AnnotationConfigApplicationContext : Refreshing org.springframework.context.annotation.AnnotationConfigApplicationContext@17a1e4ca: startup date [Sat May 27 19:40:39 CST 2017]; root of context hierarchy
2017-05-27 19:40:40.309  INFO 8948 --- [main] .s.d.r.c.RepositoryConfigurationDelegate : Multiple Spring Data modules found, entering strict repository configuration mode!
2017-05-27 19:40:40.585  WARN 8948 --- [main] o.h.v.m.ParameterMessageInterpolator     : HV000184: ParameterMessageInterpolator has been chosen, EL interpolation will not be supported
2017-05-27 19:40:40.773  WARN 8948 --- [main] o.h.v.m.ParameterMessageInterpolator     : HV000184: ParameterMessageInterpolator has been chosen, EL interpolation will not be supported
2017-05-27 19:40:41.230  INFO 8948 --- [main] com.alibaba.druid.pool.DruidDataSource   : {dataSource-1} inited
2017-05-27 19:40:41.595  WARN 8948 --- [main] s.c.a.AnnotationConfigApplicationContext : Exception encountered during context initialization - cancelling refresh attempt: org.springframework.beans.factory.BeanCreationException: Error creating bean with name 'com.github.pagehelper.autoconfigure.PageHelperAutoConfiguration': Post-processing of merged bean definition failed; nested exception is java.lang.IllegalStateException: Failed to introspect Class [com.github.pagehelper.autoconfigure.PageHelperAutoConfiguration] from ClassLoader [sun.misc.Launcher$AppClassLoader@14dad5dc]
2017-05-27 19:40:41.599  INFO 8948 --- [main] com.alibaba.druid.pool.DruidDataSource   : {dataSource-1} closed
2017-05-27 19:40:41.608  INFO 8948 --- [main] utoConfigurationReportLoggingInitializer : 

Error starting ApplicationContext. To display the auto-configuration report re-run your application with 'debug' enabled.
2017-05-27 19:40:41.610 ERROR 8948 --- [main] o.s.b.d.LoggingFailureAnalysisReporter   : 

***************************
APPLICATION FAILED TO START
***************************

Description:

A bean named 'com.github.pagehelper.autoconfigure.PageHelperAutoConfiguration' failed to be created:

	org.springframework.boot.bind.RelaxedPropertyResolver

2017-05-27 19:43:41.981  INFO 4624 --- [main] com.longlian.MainApplication             : Starting MainApplication on huaxin-develop with PID 4624 (D:\workspace\IM-Server\build\classes\main started by xj in D:\workspace\IM-Server)
2017-05-27 19:43:41.983  INFO 4624 --- [main] com.longlian.MainApplication             : No active profile set, falling back to default profiles: default
2017-05-27 19:43:42.047  INFO 4624 --- [main] s.c.a.AnnotationConfigApplicationContext : Refreshing org.springframework.context.annotation.AnnotationConfigApplicationContext@3a3e78f: startup date [Sat May 27 19:43:42 CST 2017]; root of context hierarchy
2017-05-27 19:43:42.572  INFO 4624 --- [main] .s.d.r.c.RepositoryConfigurationDelegate : Multiple Spring Data modules found, entering strict repository configuration mode!
2017-05-27 19:43:42.834  WARN 4624 --- [main] o.h.v.m.ParameterMessageInterpolator     : HV000184: ParameterMessageInterpolator has been chosen, EL interpolation will not be supported
2017-05-27 19:43:43.005  WARN 4624 --- [main] o.h.v.m.ParameterMessageInterpolator     : HV000184: ParameterMessageInterpolator has been chosen, EL interpolation will not be supported
2017-05-27 19:43:44.072  INFO 4624 --- [main] com.alibaba.druid.pool.DruidDataSource   : {dataSource-1} inited
2017-05-27 19:43:44.428  WARN 4624 --- [main] s.c.a.AnnotationConfigApplicationContext : Exception encountered during context initialization - cancelling refresh attempt: org.springframework.beans.factory.BeanCreationException: Error creating bean with name 'com.github.pagehelper.autoconfigure.PageHelperAutoConfiguration': Post-processing of merged bean definition failed; nested exception is java.lang.IllegalStateException: Failed to introspect Class [com.github.pagehelper.autoconfigure.PageHelperAutoConfiguration] from ClassLoader [sun.misc.Launcher$AppClassLoader@14dad5dc]
2017-05-27 19:43:44.432  INFO 4624 --- [main] com.alibaba.druid.pool.DruidDataSource   : {dataSource-1} closed
2017-05-27 19:43:44.440  INFO 4624 --- [main] utoConfigurationReportLoggingInitializer : 

Error starting ApplicationContext. To display the auto-configuration report re-run your application with 'debug' enabled.
2017-05-27 19:43:44.442 ERROR 4624 --- [main] o.s.b.d.LoggingFailureAnalysisReporter   : 

***************************
APPLICATION FAILED TO START
***************************

Description:

A bean named 'com.github.pagehelper.autoconfigure.PageHelperAutoConfiguration' failed to be created:

	org.springframework.boot.bind.RelaxedPropertyResolver

2017-05-27 21:00:42.280  INFO 12232 --- [main] com.longlian.MainApplication             : Starting MainApplication on huaxin-develop with PID 12232 (D:\workspace\IM-Server\build\classes\main started by xj in D:\workspace\IM-Server)
2017-05-27 21:00:42.282  INFO 12232 --- [main] com.longlian.MainApplication             : No active profile set, falling back to default profiles: default
2017-05-27 21:00:42.334  INFO 12232 --- [main] s.c.a.AnnotationConfigApplicationContext : Refreshing org.springframework.context.annotation.AnnotationConfigApplicationContext@3a3e78f: startup date [Sat May 27 21:00:42 CST 2017]; root of context hierarchy
2017-05-27 21:00:42.502  WARN 12232 --- [main] s.c.a.AnnotationConfigApplicationContext : Exception encountered during context initialization - cancelling refresh attempt: org.springframework.beans.factory.BeanDefinitionStoreException: Failed to read candidate component class: file [D:\workspace\IM-Server\build\classes\main\com\longlian\db\DruidAutoConfiguration.class]; nested exception is java.lang.IllegalStateException: Could not evaluate condition on com.longlian.db.DruidAutoConfiguration due to org/springframework/boot/bind/RelaxedPropertyResolver not found. Make sure your own configuration does not rely on that class. This can also happen if you are @ComponentScanning a springframework package (e.g. if you put a @ComponentScan in the default package by mistake)
2017-05-27 21:00:42.505 ERROR 12232 --- [main] o.s.b.f.s.DefaultListableBeanFactory     : Destroy method on bean with name 'org.springframework.boot.autoconfigure.internalCachingMetadataReaderFactory' threw an exception

java.lang.IllegalStateException: ApplicationEventMulticaster not initialized - call 'refresh' before multicasting events via the context: org.springframework.context.annotation.AnnotationConfigApplicationContext@3a3e78f: startup date [Sat May 27 21:00:42 CST 2017]; root of context hierarchy
	at org.springframework.context.support.AbstractApplicationContext.getApplicationEventMulticaster(AbstractApplicationContext.java:413)
	at org.springframework.context.support.ApplicationListenerDetector.postProcessBeforeDestruction(ApplicationListenerDetector.java:97)
	at org.springframework.beans.factory.support.DisposableBeanAdapter.destroy(DisposableBeanAdapter.java:235)
	at org.springframework.beans.factory.support.DefaultSingletonBeanRegistry.destroyBean(DefaultSingletonBeanRegistry.java:580)
	at org.springframework.beans.factory.support.DefaultSingletonBeanRegistry.destroySingleton(DefaultSingletonBeanRegistry.java:556)
	at org.springframework.beans.factory.support.DefaultListableBeanFactory.destroySingleton(DefaultListableBeanFactory.java:954)
	at org.springframework.beans.factory.support.DefaultSingletonBeanRegistry.destroySingletons(DefaultSingletonBeanRegistry.java:525)
	at org.springframework.beans.factory.support.DefaultListableBeanFactory.destroySingletons(DefaultListableBeanFactory.java:961)
	at org.springframework.context.support.AbstractApplicationContext.destroyBeans(AbstractApplicationContext.java:1032)
	at org.springframework.context.support.AbstractApplicationContext.refresh(AbstractApplicationContext.java:555)
	at org.springframework.boot.SpringApplication.refresh(SpringApplication.java:795)
	at org.springframework.boot.SpringApplication.refreshContext(SpringApplication.java:397)
	at org.springframework.boot.SpringApplication.run(SpringApplication.java:338)
	at org.springframework.boot.SpringApplication.run(SpringApplication.java:1290)
	at org.springframework.boot.SpringApplication.run(SpringApplication.java:1278)
	at com.longlian.MainApplication.main(MainApplication.java:51)

2017-05-27 21:00:42.509 ERROR 12232 --- [main] o.s.boot.SpringApplication               : Application startup failed

org.springframework.beans.factory.BeanDefinitionStoreException: Failed to read candidate component class: file [D:\workspace\IM-Server\build\classes\main\com\longlian\db\DruidAutoConfiguration.class]; nested exception is java.lang.IllegalStateException: Could not evaluate condition on com.longlian.db.DruidAutoConfiguration due to org/springframework/boot/bind/RelaxedPropertyResolver not found. Make sure your own configuration does not rely on that class. This can also happen if you are @ComponentScanning a springframework package (e.g. if you put a @ComponentScan in the default package by mistake)
	at org.springframework.context.annotation.ClassPathScanningCandidateComponentProvider.scanCandidateComponents(ClassPathScanningCandidateComponentProvider.java:438)
	at org.springframework.context.annotation.ClassPathScanningCandidateComponentProvider.findCandidateComponents(ClassPathScanningCandidateComponentProvider.java:297)
	at org.springframework.context.annotation.ClassPathBeanDefinitionScanner.doScan(ClassPathBeanDefinitionScanner.java:272)
	at org.springframework.context.annotation.ComponentScanAnnotationParser.parse(ComponentScanAnnotationParser.java:135)
	at org.springframework.context.annotation.ConfigurationClassParser.doProcessConfigurationClass(ConfigurationClassParser.java:290)
	at org.springframework.context.annotation.ConfigurationClassParser.processConfigurationClass(ConfigurationClassParser.java:247)
	at org.springframework.context.annotation.ConfigurationClassParser.parse(ConfigurationClassParser.java:200)
	at org.springframework.context.annotation.ConfigurationClassParser.parse(ConfigurationClassParser.java:169)
	at org.springframework.context.annotation.ConfigurationClassPostProcessor.processConfigBeanDefinitions(ConfigurationClassPostProcessor.java:308)
	at org.springframework.context.annotation.ConfigurationClassPostProcessor.postProcessBeanDefinitionRegistry(ConfigurationClassPostProcessor.java:228)
	at org.springframework.context.support.PostProcessorRegistrationDelegate.invokeBeanDefinitionRegistryPostProcessors(PostProcessorRegistrationDelegate.java:270)
	at org.springframework.context.support.PostProcessorRegistrationDelegate.invokeBeanFactoryPostProcessors(PostProcessorRegistrationDelegate.java:93)
	at org.springframework.context.support.AbstractApplicationContext.invokeBeanFactoryPostProcessors(AbstractApplicationContext.java:686)
	at org.springframework.context.support.AbstractApplicationContext.refresh(AbstractApplicationContext.java:524)
	at org.springframework.boot.SpringApplication.refresh(SpringApplication.java:795)
	at org.springframework.boot.SpringApplication.refreshContext(SpringApplication.java:397)
	at org.springframework.boot.SpringApplication.run(SpringApplication.java:338)
	at org.springframework.boot.SpringApplication.run(SpringApplication.java:1290)
	at org.springframework.boot.SpringApplication.run(SpringApplication.java:1278)
	at com.longlian.MainApplication.main(MainApplication.java:51)
Caused by: java.lang.IllegalStateException: Could not evaluate condition on com.longlian.db.DruidAutoConfiguration due to org/springframework/boot/bind/RelaxedPropertyResolver not found. Make sure your own configuration does not rely on that class. This can also happen if you are @ComponentScanning a springframework package (e.g. if you put a @ComponentScan in the default package by mistake)
	at org.springframework.boot.autoconfigure.condition.SpringBootCondition.matches(SpringBootCondition.java:55)
	at org.springframework.context.annotation.ConditionEvaluator.shouldSkip(ConditionEvaluator.java:103)
	at org.springframework.context.annotation.ConditionEvaluator.shouldSkip(ConditionEvaluator.java:82)
	at org.springframework.context.annotation.ConditionEvaluator.shouldSkip(ConditionEvaluator.java:65)
	at org.springframework.context.annotation.ClassPathScanningCandidateComponentProvider.isConditionMatch(ClassPathScanningCandidateComponentProvider.java:498)
	at org.springframework.context.annotation.ClassPathScanningCandidateComponentProvider.isCandidateComponent(ClassPathScanningCandidateComponentProvider.java:482)
	at org.springframework.context.annotation.ClassPathScanningCandidateComponentProvider.scanCandidateComponents(ClassPathScanningCandidateComponentProvider.java:415)
	... 19 common frames omitted
Caused by: java.lang.NoClassDefFoundError: org/springframework/boot/bind/RelaxedPropertyResolver
	at org.springframework.boot.autoconfigure.condition.OnPropertyCondition$Spec.collectProperties(OnPropertyCondition.java:154)
	at org.springframework.boot.autoconfigure.condition.OnPropertyCondition$Spec.access$000(OnPropertyCondition.java:117)
	at org.springframework.boot.autoconfigure.condition.OnPropertyCondition.determineOutcome(OnPropertyCondition.java:99)
	at org.springframework.boot.autoconfigure.condition.OnPropertyCondition.getMatchOutcome(OnPropertyCondition.java:60)
	at org.springframework.boot.autoconfigure.condition.SpringBootCondition.matches(SpringBootCondition.java:47)
	... 25 common frames omitted
Caused by: java.lang.ClassNotFoundException: org.springframework.boot.bind.RelaxedPropertyResolver
	at java.net.URLClassLoader.findClass(URLClassLoader.java:381)
	at java.lang.ClassLoader.loadClass(ClassLoader.java:424)
	at sun.misc.Launcher$AppClassLoader.loadClass(Launcher.java:331)
	at java.lang.ClassLoader.loadClass(ClassLoader.java:357)
	... 30 common frames omitted

2017-05-27 21:22:55.401  INFO 7292 --- [main] com.longlian.MainApplication             : Starting MainApplication on huaxin-develop with PID 7292 (D:\workspace\IM-Server\build\classes\main started by xj in D:\workspace\IM-Server)
2017-05-27 21:22:55.402  INFO 7292 --- [main] com.longlian.MainApplication             : No active profile set, falling back to default profiles: default
2017-05-27 21:22:55.457  INFO 7292 --- [main] s.c.a.AnnotationConfigApplicationContext : Refreshing org.springframework.context.annotation.AnnotationConfigApplicationContext@40844aab: startup date [Sat May 27 21:22:55 CST 2017]; root of context hierarchy
2017-05-27 21:22:56.038  INFO 7292 --- [main] .s.d.r.c.RepositoryConfigurationDelegate : Multiple Spring Data modules found, entering strict repository configuration mode!
2017-05-27 21:22:56.306  WARN 7292 --- [main] o.h.v.m.ParameterMessageInterpolator     : HV000184: ParameterMessageInterpolator has been chosen, EL interpolation will not be supported
2017-05-27 21:22:56.502  WARN 7292 --- [main] o.h.v.m.ParameterMessageInterpolator     : HV000184: ParameterMessageInterpolator has been chosen, EL interpolation will not be supported
2017-05-27 21:22:57.023  INFO 7292 --- [main] com.alibaba.druid.pool.DruidDataSource   : {dataSource-1} inited
2017-05-27 21:22:58.053  INFO 7292 --- [main] o.s.j.e.a.AnnotationMBeanExporter        : Registering beans for JMX exposure on startup
2017-05-27 21:22:58.054  INFO 7292 --- [main] o.s.j.e.a.AnnotationMBeanExporter        : Bean with name 'dataSource' has been autodetected for JMX exposure
2017-05-27 21:22:58.059  INFO 7292 --- [main] o.s.j.e.a.AnnotationMBeanExporter        : Located MBean 'dataSource': registering with JMX server as MBean [com.alibaba.druid.pool:name=dataSource,type=DruidDataSource]
2017-05-27 21:22:58.062  INFO 7292 --- [main] o.s.c.support.DefaultLifecycleProcessor  : Starting beans in phase 2147483647
2017-05-27 21:22:58.220  INFO 7292 --- [main] com.longlian.MainApplication             : Started MainApplication in 3.873 seconds (JVM running for 4.7)
2017-05-27 21:22:58.221  INFO 7292 --- [Thread-6] s.c.a.AnnotationConfigApplicationContext : Closing org.springframework.context.annotation.AnnotationConfigApplicationContext@40844aab: startup date [Sat May 27 21:22:55 CST 2017]; root of context hierarchy
2017-05-27 21:22:58.223  INFO 7292 --- [Thread-6] o.s.c.support.DefaultLifecycleProcessor  : Stopping beans in phase 2147483647
2017-05-27 21:22:58.224  INFO 7292 --- [Thread-6] o.s.j.e.a.AnnotationMBeanExporter        : Unregistering JMX-exposed beans on shutdown
2017-05-27 21:22:58.225  INFO 7292 --- [Thread-6] o.s.j.e.a.AnnotationMBeanExporter        : Unregistering JMX-exposed beans
2017-05-27 21:22:58.228  INFO 7292 --- [Thread-6] com.alibaba.druid.pool.DruidDataSource   : {dataSource-1} closed
2017-05-27 21:44:16.057  INFO 1872 --- [main] com.longlian.MainApplication             : Starting MainApplication on huaxin-develop with PID 1872 (D:\workspace\IM-Server\build\classes\main started by xj in D:\workspace\IM-Server)
2017-05-27 21:44:16.059  INFO 1872 --- [main] com.longlian.MainApplication             : No active profile set, falling back to default profiles: default
2017-05-27 21:44:16.111  INFO 1872 --- [main] s.c.a.AnnotationConfigApplicationContext : Refreshing org.springframework.context.annotation.AnnotationConfigApplicationContext@447a020: startup date [Sat May 27 21:44:16 CST 2017]; root of context hierarchy
2017-05-27 21:44:16.612  INFO 1872 --- [main] .s.d.r.c.RepositoryConfigurationDelegate : Multiple Spring Data modules found, entering strict repository configuration mode!
2017-05-27 21:44:16.874  WARN 1872 --- [main] o.h.v.m.ParameterMessageInterpolator     : HV000184: ParameterMessageInterpolator has been chosen, EL interpolation will not be supported
2017-05-27 21:44:17.054  WARN 1872 --- [main] o.h.v.m.ParameterMessageInterpolator     : HV000184: ParameterMessageInterpolator has been chosen, EL interpolation will not be supported
2017-05-27 21:44:17.493  INFO 1872 --- [main] com.alibaba.druid.pool.DruidDataSource   : {dataSource-1} inited
2017-05-27 21:44:18.539  INFO 1872 --- [main] o.s.j.e.a.AnnotationMBeanExporter        : Registering beans for JMX exposure on startup
2017-05-27 21:44:18.541  INFO 1872 --- [main] o.s.j.e.a.AnnotationMBeanExporter        : Bean with name 'dataSource' has been autodetected for JMX exposure
2017-05-27 21:44:18.546  INFO 1872 --- [main] o.s.j.e.a.AnnotationMBeanExporter        : Located MBean 'dataSource': registering with JMX server as MBean [com.alibaba.druid.pool:name=dataSource,type=DruidDataSource]
2017-05-27 21:44:18.551  INFO 1872 --- [main] o.s.c.support.DefaultLifecycleProcessor  : Starting beans in phase 2147483647
2017-05-27 21:44:42.309  INFO 1872 --- [main] com.longlian.MainApplication             : Started MainApplication in 27.243 seconds (JVM running for 27.855)
2017-05-27 21:44:42.310  INFO 1872 --- [Thread-6] s.c.a.AnnotationConfigApplicationContext : Closing org.springframework.context.annotation.AnnotationConfigApplicationContext@447a020: startup date [Sat May 27 21:44:16 CST 2017]; root of context hierarchy
2017-05-27 21:44:42.312  INFO 1872 --- [Thread-6] o.s.c.support.DefaultLifecycleProcessor  : Stopping beans in phase 2147483647
2017-05-27 21:44:42.313  INFO 1872 --- [Thread-6] o.s.j.e.a.AnnotationMBeanExporter        : Unregistering JMX-exposed beans on shutdown
2017-05-27 21:44:42.314  INFO 1872 --- [Thread-6] o.s.j.e.a.AnnotationMBeanExporter        : Unregistering JMX-exposed beans
2017-05-27 21:44:42.316  INFO 1872 --- [Thread-6] com.alibaba.druid.pool.DruidDataSource   : {dataSource-1} closed
2017-05-28 11:59:57.034  INFO 13264 --- [main] com.longlian.MainApplication             : Starting MainApplication on huaxin-develop with PID 13264 (D:\workspace\IM-Server\build\classes\main started by xj in D:\workspace\IM-Server)
2017-05-28 11:59:57.066  INFO 13264 --- [main] com.longlian.MainApplication             : No active profile set, falling back to default profiles: default
2017-05-28 11:59:57.160  INFO 13264 --- [main] s.c.a.AnnotationConfigApplicationContext : Refreshing org.springframework.context.annotation.AnnotationConfigApplicationContext@301ec38b: startup date [Sun May 28 11:59:57 CST 2017]; root of context hierarchy
2017-05-28 11:59:57.985  INFO 13264 --- [main] .s.d.r.c.RepositoryConfigurationDelegate : Multiple Spring Data modules found, entering strict repository configuration mode!
2017-05-28 11:59:58.397  WARN 13264 --- [main] o.h.v.m.ParameterMessageInterpolator     : HV000184: ParameterMessageInterpolator has been chosen, EL interpolation will not be supported
2017-05-28 11:59:58.601  WARN 13264 --- [main] o.h.v.m.ParameterMessageInterpolator     : HV000184: ParameterMessageInterpolator has been chosen, EL interpolation will not be supported
2017-05-28 11:59:58.711  WARN 13264 --- [main] s.c.a.AnnotationConfigApplicationContext : Exception encountered during context initialization - cancelling refresh attempt: org.springframework.beans.factory.UnsatisfiedDependencyException: Error creating bean with name 'mainApplication': Unsatisfied dependency expressed through field 'sqlSessionFactory'; nested exception is org.springframework.beans.factory.UnsatisfiedDependencyException: Error creating bean with name 'org.mybatis.spring.boot.autoconfigure.MybatisAutoConfiguration': Unsatisfied dependency expressed through field 'interceptors'; nested exception is org.springframework.beans.factory.BeanCreationException: Error creating bean with name 'pageInterceptor' defined in class path resource [com/longlian/db/PageInterceptorConfig.class]: Bean instantiation via factory method failed; nested exception is org.springframework.beans.BeanInstantiationException: Failed to instantiate [com.github.pagehelper.PageInterceptor]: Factory method 'pageInterceptor' threw exception; nested exception is com.github.pagehelper.PageException: java.lang.ClassNotFoundException: mysql
2017-05-28 11:59:58.718  INFO 13264 --- [main] utoConfigurationReportLoggingInitializer : 

Error starting ApplicationContext. To display the auto-configuration report re-run your application with 'debug' enabled.
2017-05-28 11:59:58.720 ERROR 13264 --- [main] o.s.b.d.LoggingFailureAnalysisReporter   : 

***************************
APPLICATION FAILED TO START
***************************

Description:

A bean named 'mainApplication' failed to be created:

	mysql

2017-05-28 12:11:02.396  INFO 6168 --- [main] com.longlian.MainApplication             : Starting MainApplication on huaxin-develop with PID 6168 (D:\workspace\IM-Server\build\classes\main started by xj in D:\workspace\IM-Server)
2017-05-28 12:11:02.398  INFO 6168 --- [main] com.longlian.MainApplication             : No active profile set, falling back to default profiles: default
2017-05-28 12:11:02.459  INFO 6168 --- [main] s.c.a.AnnotationConfigApplicationContext : Refreshing org.springframework.context.annotation.AnnotationConfigApplicationContext@301ec38b: startup date [Sun May 28 12:11:02 CST 2017]; root of context hierarchy
2017-05-28 12:11:02.980  INFO 6168 --- [main] .s.d.r.c.RepositoryConfigurationDelegate : Multiple Spring Data modules found, entering strict repository configuration mode!
2017-05-28 12:11:03.250  WARN 6168 --- [main] o.h.v.m.ParameterMessageInterpolator     : HV000184: ParameterMessageInterpolator has been chosen, EL interpolation will not be supported
2017-05-28 12:11:03.412  WARN 6168 --- [main] o.h.v.m.ParameterMessageInterpolator     : HV000184: ParameterMessageInterpolator has been chosen, EL interpolation will not be supported
2017-05-28 12:12:31.782  WARN 6168 --- [main] s.c.a.AnnotationConfigApplicationContext : Exception encountered during context initialization - cancelling refresh attempt: org.springframework.beans.factory.UnsatisfiedDependencyException: Error creating bean with name 'mainApplication': Unsatisfied dependency expressed through field 'sqlSessionFactory'; nested exception is org.springframework.beans.factory.UnsatisfiedDependencyException: Error creating bean with name 'org.mybatis.spring.boot.autoconfigure.MybatisAutoConfiguration': Unsatisfied dependency expressed through field 'interceptors'; nested exception is org.springframework.beans.factory.BeanCreationException: Error creating bean with name 'pageInterceptor' defined in class path resource [com/longlian/db/PageInterceptorConfig.class]: Bean instantiation via factory method failed; nested exception is org.springframework.beans.BeanInstantiationException: Failed to instantiate [com.github.pagehelper.PageInterceptor]: Factory method 'pageInterceptor' threw exception; nested exception is com.github.pagehelper.PageException: java.lang.ClassNotFoundException: mysql
2017-05-28 12:12:31.789  INFO 6168 --- [main] utoConfigurationReportLoggingInitializer : 

Error starting ApplicationContext. To display the auto-configuration report re-run your application with 'debug' enabled.
2017-05-28 12:12:31.791 ERROR 6168 --- [main] o.s.b.d.LoggingFailureAnalysisReporter   : 

***************************
APPLICATION FAILED TO START
***************************

Description:

A bean named 'mainApplication' failed to be created:

	mysql

2017-05-28 13:22:11.651  INFO 5824 --- [main] com.longlian.MainApplication             : Starting MainApplication on huaxin-develop with PID 5824 (D:\workspace\IM-Server\build\classes\main started by xj in D:\workspace\IM-Server)
2017-05-28 13:22:11.653  INFO 5824 --- [main] com.longlian.MainApplication             : No active profile set, falling back to default profiles: default
2017-05-28 13:22:11.711  INFO 5824 --- [main] s.c.a.AnnotationConfigApplicationContext : Refreshing org.springframework.context.annotation.AnnotationConfigApplicationContext@301ec38b: startup date [Sun May 28 13:22:11 CST 2017]; root of context hierarchy
2017-05-28 13:22:12.239  INFO 5824 --- [main] .s.d.r.c.RepositoryConfigurationDelegate : Multiple Spring Data modules found, entering strict repository configuration mode!
2017-05-28 13:22:12.513  WARN 5824 --- [main] o.h.v.m.ParameterMessageInterpolator     : HV000184: ParameterMessageInterpolator has been chosen, EL interpolation will not be supported
2017-05-28 13:22:12.694  WARN 5824 --- [main] o.h.v.m.ParameterMessageInterpolator     : HV000184: ParameterMessageInterpolator has been chosen, EL interpolation will not be supported
2017-05-28 13:22:43.848  WARN 5824 --- [main] s.c.a.AnnotationConfigApplicationContext : Exception encountered during context initialization - cancelling refresh attempt: org.springframework.beans.factory.UnsatisfiedDependencyException: Error creating bean with name 'mainApplication': Unsatisfied dependency expressed through field 'sqlSessionFactory'; nested exception is org.springframework.beans.factory.UnsatisfiedDependencyException: Error creating bean with name 'org.mybatis.spring.boot.autoconfigure.MybatisAutoConfiguration': Unsatisfied dependency expressed through field 'interceptors'; nested exception is org.springframework.beans.factory.BeanCreationException: Error creating bean with name 'pageInterceptor' defined in class path resource [com/longlian/db/PageInterceptorConfig.class]: Bean instantiation via factory method failed; nested exception is org.springframework.beans.BeanInstantiationException: Failed to instantiate [com.github.pagehelper.PageInterceptor]: Factory method 'pageInterceptor' threw exception; nested exception is com.github.pagehelper.PageException: java.lang.ClassNotFoundException: mysql
2017-05-28 13:22:43.855  INFO 5824 --- [main] utoConfigurationReportLoggingInitializer : 

Error starting ApplicationContext. To display the auto-configuration report re-run your application with 'debug' enabled.
2017-05-28 13:22:43.857 ERROR 5824 --- [main] o.s.b.d.LoggingFailureAnalysisReporter   : 

***************************
APPLICATION FAILED TO START
***************************

Description:

A bean named 'mainApplication' failed to be created:

	mysql

2017-05-28 13:23:00.258  INFO 8296 --- [main] com.longlian.MainApplication             : Starting MainApplication on huaxin-develop with PID 8296 (D:\workspace\IM-Server\build\classes\main started by xj in D:\workspace\IM-Server)
2017-05-28 13:23:00.260  INFO 8296 --- [main] com.longlian.MainApplication             : No active profile set, falling back to default profiles: default
2017-05-28 13:23:00.331  INFO 8296 --- [main] s.c.a.AnnotationConfigApplicationContext : Refreshing org.springframework.context.annotation.AnnotationConfigApplicationContext@17a1e4ca: startup date [Sun May 28 13:23:00 CST 2017]; root of context hierarchy
2017-05-28 13:23:00.875  INFO 8296 --- [main] .s.d.r.c.RepositoryConfigurationDelegate : Multiple Spring Data modules found, entering strict repository configuration mode!
2017-05-28 13:23:01.169  WARN 8296 --- [main] o.h.v.m.ParameterMessageInterpolator     : HV000184: ParameterMessageInterpolator has been chosen, EL interpolation will not be supported
2017-05-28 13:23:01.375  WARN 8296 --- [main] o.h.v.m.ParameterMessageInterpolator     : HV000184: ParameterMessageInterpolator has been chosen, EL interpolation will not be supported
2017-05-28 13:23:16.443  INFO 8296 --- [main] com.alibaba.druid.pool.DruidDataSource   : {dataSource-1} inited
2017-05-28 13:23:18.704  INFO 8296 --- [main] o.s.j.e.a.AnnotationMBeanExporter        : Registering beans for JMX exposure on startup
2017-05-28 13:23:18.706  INFO 8296 --- [main] o.s.j.e.a.AnnotationMBeanExporter        : Bean with name 'dataSource' has been autodetected for JMX exposure
2017-05-28 13:23:18.712  INFO 8296 --- [main] o.s.j.e.a.AnnotationMBeanExporter        : Located MBean 'dataSource': registering with JMX server as MBean [com.alibaba.druid.pool:name=dataSource,type=DruidDataSource]
2017-05-28 13:23:18.740  INFO 8296 --- [main] o.s.c.support.DefaultLifecycleProcessor  : Starting beans in phase 2147483647
2017-05-28 13:23:18.898  INFO 8296 --- [main] com.longlian.MainApplication             : Started MainApplication in 19.701 seconds (JVM running for 20.187)
2017-05-28 13:23:18.900  INFO 8296 --- [Thread-6] s.c.a.AnnotationConfigApplicationContext : Closing org.springframework.context.annotation.AnnotationConfigApplicationContext@17a1e4ca: startup date [Sun May 28 13:23:00 CST 2017]; root of context hierarchy
2017-05-28 13:23:18.903  INFO 8296 --- [Thread-6] o.s.c.support.DefaultLifecycleProcessor  : Stopping beans in phase 2147483647
2017-05-28 13:23:18.905  INFO 8296 --- [Thread-6] o.s.j.e.a.AnnotationMBeanExporter        : Unregistering JMX-exposed beans on shutdown
2017-05-28 13:23:18.905  INFO 8296 --- [Thread-6] o.s.j.e.a.AnnotationMBeanExporter        : Unregistering JMX-exposed beans
2017-05-28 13:23:18.909  INFO 8296 --- [Thread-6] com.alibaba.druid.pool.DruidDataSource   : {dataSource-1} closed
2017-05-28 13:39:22.231  INFO 13176 --- [main] com.longlian.MainApplication             : Starting MainApplication on huaxin-develop with PID 13176 (D:\workspace\IM-Server\build\classes\main started by xj in D:\workspace\IM-Server)
2017-05-28 13:39:22.232  INFO 13176 --- [main] com.longlian.MainApplication             : No active profile set, falling back to default profiles: default
2017-05-28 13:39:22.293  INFO 13176 --- [main] s.c.a.AnnotationConfigApplicationContext : Refreshing org.springframework.context.annotation.AnnotationConfigApplicationContext@301ec38b: startup date [Sun May 28 13:39:22 CST 2017]; root of context hierarchy
2017-05-28 13:39:22.823  INFO 13176 --- [main] .s.d.r.c.RepositoryConfigurationDelegate : Multiple Spring Data modules found, entering strict repository configuration mode!
2017-05-28 13:39:23.112  WARN 13176 --- [main] o.h.v.m.ParameterMessageInterpolator     : HV000184: ParameterMessageInterpolator has been chosen, EL interpolation will not be supported
2017-05-28 13:39:23.285  WARN 13176 --- [main] o.h.v.m.ParameterMessageInterpolator     : HV000184: ParameterMessageInterpolator has been chosen, EL interpolation will not be supported
2017-05-28 13:39:23.751  INFO 13176 --- [main] com.alibaba.druid.pool.DruidDataSource   : {dataSource-1} inited
2017-05-28 13:39:24.072  INFO 13176 --- [main] com.longlian.MainApplication             : 
2017-05-28 13:39:24.779  INFO 13176 --- [main] o.s.j.e.a.AnnotationMBeanExporter        : Registering beans for JMX exposure on startup
2017-05-28 13:39:24.781  INFO 13176 --- [main] o.s.j.e.a.AnnotationMBeanExporter        : Bean with name 'dataSource' has been autodetected for JMX exposure
2017-05-28 13:39:24.789  INFO 13176 --- [main] o.s.j.e.a.AnnotationMBeanExporter        : Located MBean 'dataSource': registering with JMX server as MBean [com.alibaba.druid.pool:name=dataSource,type=DruidDataSource]
2017-05-28 13:39:24.794  INFO 13176 --- [main] o.s.c.support.DefaultLifecycleProcessor  : Starting beans in phase 2147483647
2017-05-28 13:39:24.882  INFO 13176 --- [main] com.longlian.MainApplication             : Started MainApplication in 3.731 seconds (JVM running for 4.216)
2017-05-28 13:39:24.884  INFO 13176 --- [Thread-6] s.c.a.AnnotationConfigApplicationContext : Closing org.springframework.context.annotation.AnnotationConfigApplicationContext@301ec38b: startup date [Sun May 28 13:39:22 CST 2017]; root of context hierarchy
2017-05-28 13:39:24.885  INFO 13176 --- [Thread-6] o.s.c.support.DefaultLifecycleProcessor  : Stopping beans in phase 2147483647
2017-05-28 13:39:24.887  INFO 13176 --- [Thread-6] o.s.j.e.a.AnnotationMBeanExporter        : Unregistering JMX-exposed beans on shutdown
2017-05-28 13:39:24.887  INFO 13176 --- [Thread-6] o.s.j.e.a.AnnotationMBeanExporter        : Unregistering JMX-exposed beans
2017-05-28 13:39:24.891  INFO 13176 --- [Thread-6] com.alibaba.druid.pool.DruidDataSource   : {dataSource-1} closed
2017-05-28 16:24:42.838  INFO 2020 --- [main] com.longlian.MainApplication             : Starting MainApplication on huaxin-develop with PID 2020 (D:\workspace\IM-Server\build\classes\main started by xj in D:\workspace\IM-Server)
2017-05-28 16:24:42.839  INFO 2020 --- [main] com.longlian.MainApplication             : The following profiles are active: dev
2017-05-28 16:24:42.893  INFO 2020 --- [main] s.c.a.AnnotationConfigApplicationContext : Refreshing org.springframework.context.annotation.AnnotationConfigApplicationContext@294e5088: startup date [Sun May 28 16:24:42 CST 2017]; root of context hierarchy
2017-05-28 16:24:43.464  INFO 2020 --- [main] .s.d.r.c.RepositoryConfigurationDelegate : Multiple Spring Data modules found, entering strict repository configuration mode!
2017-05-28 16:24:43.738  WARN 2020 --- [main] o.h.v.m.ParameterMessageInterpolator     : HV000184: ParameterMessageInterpolator has been chosen, EL interpolation will not be supported
2017-05-28 16:24:43.853  INFO 2020 --- [main] trationDelegate$BeanPostProcessorChecker : Bean 'IMServer' of type [com.longlian.im.IMServer$$EnhancerBySpringCGLIB$$7aafd5a] is not eligible for getting processed by all BeanPostProcessors (for example: not eligible for auto-proxying)
2017-05-28 16:24:43.860  INFO 2020 --- [main] trationDelegate$BeanPostProcessorChecker : Bean 'org.springframework.transaction.annotation.ProxyTransactionManagementConfiguration' of type [org.springframework.transaction.annotation.ProxyTransactionManagementConfiguration$$EnhancerBySpringCGLIB$$6c160edf] is not eligible for getting processed by all BeanPostProcessors (for example: not eligible for auto-proxying)
2017-05-28 16:24:43.901  INFO 2020 --- [main] com.longlian.im.IMServer                 : HOST:localhost, 8080
2017-05-28 16:24:44.553  INFO 2020 --- [main] trationDelegate$BeanPostProcessorChecker : Bean 'socketIOServer' of type [com.corundumstudio.socketio.SocketIOServer] is not eligible for getting processed by all BeanPostProcessors (for example: not eligible for auto-proxying)
2017-05-28 16:24:44.584  WARN 2020 --- [main] o.h.v.m.ParameterMessageInterpolator     : HV000184: ParameterMessageInterpolator has been chosen, EL interpolation will not be supported
2017-05-28 16:24:45.019  INFO 2020 --- [main] com.alibaba.druid.pool.DruidDataSource   : {dataSource-1} inited
2017-05-28 16:24:45.334  INFO 2020 --- [main] com.longlian.MainApplication             : 
2017-05-28 16:24:46.132  INFO 2020 --- [main] o.s.j.e.a.AnnotationMBeanExporter        : Registering beans for JMX exposure on startup
2017-05-28 16:24:46.133  INFO 2020 --- [main] o.s.j.e.a.AnnotationMBeanExporter        : Bean with name 'dataSource' has been autodetected for JMX exposure
2017-05-28 16:24:46.137  INFO 2020 --- [main] o.s.j.e.a.AnnotationMBeanExporter        : Located MBean 'dataSource': registering with JMX server as MBean [com.alibaba.druid.pool:name=dataSource,type=DruidDataSource]
2017-05-28 16:24:46.141  INFO 2020 --- [main] o.s.c.support.DefaultLifecycleProcessor  : Starting beans in phase 2147483647
2017-05-28 16:24:46.216  INFO 2020 --- [main] com.longlian.MainApplication             : Started MainApplication in 4.512 seconds (JVM running for 4.976)
2017-05-28 16:24:46.217  INFO 2020 --- [Thread-6] s.c.a.AnnotationConfigApplicationContext : Closing org.springframework.context.annotation.AnnotationConfigApplicationContext@294e5088: startup date [Sun May 28 16:24:42 CST 2017]; root of context hierarchy
2017-05-28 16:24:46.220  INFO 2020 --- [Thread-6] o.s.c.support.DefaultLifecycleProcessor  : Stopping beans in phase 2147483647
2017-05-28 16:24:46.222  INFO 2020 --- [Thread-6] o.s.j.e.a.AnnotationMBeanExporter        : Unregistering JMX-exposed beans on shutdown
2017-05-28 16:24:46.222  INFO 2020 --- [Thread-6] o.s.j.e.a.AnnotationMBeanExporter        : Unregistering JMX-exposed beans
2017-05-28 16:24:46.226  INFO 2020 --- [Thread-6] com.alibaba.druid.pool.DruidDataSource   : {dataSource-1} closed
2017-05-28 16:25:24.230  INFO 4152 --- [main] com.longlian.MainApplication             : Starting MainApplication on huaxin-develop with PID 4152 (D:\workspace\IM-Server\build\classes\main started by xj in D:\workspace\IM-Server)
2017-05-28 16:25:24.231  INFO 4152 --- [main] com.longlian.MainApplication             : The following profiles are active: prod
2017-05-28 16:25:24.290  INFO 4152 --- [main] s.c.a.AnnotationConfigApplicationContext : Refreshing org.springframework.context.annotation.AnnotationConfigApplicationContext@294e5088: startup date [Sun May 28 16:25:24 CST 2017]; root of context hierarchy
2017-05-28 16:25:24.780  INFO 4152 --- [main] .s.d.r.c.RepositoryConfigurationDelegate : Multiple Spring Data modules found, entering strict repository configuration mode!
2017-05-28 16:25:25.041  WARN 4152 --- [main] o.h.v.m.ParameterMessageInterpolator     : HV000184: ParameterMessageInterpolator has been chosen, EL interpolation will not be supported
2017-05-28 16:25:25.162  INFO 4152 --- [main] trationDelegate$BeanPostProcessorChecker : Bean 'IMServer' of type [com.longlian.im.IMServer$$EnhancerBySpringCGLIB$$1d4a69f3] is not eligible for getting processed by all BeanPostProcessors (for example: not eligible for auto-proxying)
2017-05-28 16:25:25.168  INFO 4152 --- [main] trationDelegate$BeanPostProcessorChecker : Bean 'org.springframework.transaction.annotation.ProxyTransactionManagementConfiguration' of type [org.springframework.transaction.annotation.ProxyTransactionManagementConfiguration$$EnhancerBySpringCGLIB$$81b57b78] is not eligible for getting processed by all BeanPostProcessors (for example: not eligible for auto-proxying)
2017-05-28 16:25:25.208  INFO 4152 --- [main] com.longlian.im.IMServer                 : HOST:localhost, 8081
2017-05-28 16:25:25.397  INFO 4152 --- [main] trationDelegate$BeanPostProcessorChecker : Bean 'socketIOServer' of type [com.corundumstudio.socketio.SocketIOServer] is not eligible for getting processed by all BeanPostProcessors (for example: not eligible for auto-proxying)
2017-05-28 16:25:25.433  WARN 4152 --- [main] o.h.v.m.ParameterMessageInterpolator     : HV000184: ParameterMessageInterpolator has been chosen, EL interpolation will not be supported
2017-05-28 16:25:25.937  INFO 4152 --- [main] com.alibaba.druid.pool.DruidDataSource   : {dataSource-1} inited
2017-05-28 16:25:26.233  INFO 4152 --- [main] com.longlian.MainApplication             : 
2017-05-28 16:25:27.026  INFO 4152 --- [main] o.s.j.e.a.AnnotationMBeanExporter        : Registering beans for JMX exposure on startup
2017-05-28 16:25:27.027  INFO 4152 --- [main] o.s.j.e.a.AnnotationMBeanExporter        : Bean with name 'dataSource' has been autodetected for JMX exposure
2017-05-28 16:25:27.033  INFO 4152 --- [main] o.s.j.e.a.AnnotationMBeanExporter        : Located MBean 'dataSource': registering with JMX server as MBean [com.alibaba.druid.pool:name=dataSource,type=DruidDataSource]
2017-05-28 16:25:27.038  INFO 4152 --- [main] o.s.c.support.DefaultLifecycleProcessor  : Starting beans in phase 2147483647
2017-05-28 16:25:27.127  INFO 4152 --- [main] com.longlian.MainApplication             : Started MainApplication in 3.927 seconds (JVM running for 4.405)
2017-05-28 16:25:27.129  INFO 4152 --- [Thread-6] s.c.a.AnnotationConfigApplicationContext : Closing org.springframework.context.annotation.AnnotationConfigApplicationContext@294e5088: startup date [Sun May 28 16:25:24 CST 2017]; root of context hierarchy
2017-05-28 16:25:27.131  INFO 4152 --- [Thread-6] o.s.c.support.DefaultLifecycleProcessor  : Stopping beans in phase 2147483647
2017-05-28 16:25:27.132  INFO 4152 --- [Thread-6] o.s.j.e.a.AnnotationMBeanExporter        : Unregistering JMX-exposed beans on shutdown
2017-05-28 16:25:27.133  INFO 4152 --- [Thread-6] o.s.j.e.a.AnnotationMBeanExporter        : Unregistering JMX-exposed beans
2017-05-28 16:25:27.137  INFO 4152 --- [Thread-6] com.alibaba.druid.pool.DruidDataSource   : {dataSource-1} closed
2017-05-28 16:43:07.049  INFO 5576 --- [main] com.longlian.MainApplication             : Starting MainApplication on huaxin-develop with PID 5576 (D:\workspace\IM-Server\build\classes\main started by xj in D:\workspace\IM-Server)
2017-05-28 16:43:07.051  INFO 5576 --- [main] com.longlian.MainApplication             : The following profiles are active: dev
2017-05-28 16:43:07.106  INFO 5576 --- [main] s.c.a.AnnotationConfigApplicationContext : Refreshing org.springframework.context.annotation.AnnotationConfigApplicationContext@2002348: startup date [Sun May 28 16:43:07 CST 2017]; root of context hierarchy
2017-05-28 16:43:07.635  INFO 5576 --- [main] .s.d.r.c.RepositoryConfigurationDelegate : Multiple Spring Data modules found, entering strict repository configuration mode!
2017-05-28 16:43:07.863  WARN 5576 --- [main] o.h.v.m.ParameterMessageInterpolator     : HV000184: ParameterMessageInterpolator has been chosen, EL interpolation will not be supported
2017-05-28 16:43:08.030  WARN 5576 --- [main] o.h.v.m.ParameterMessageInterpolator     : HV000184: ParameterMessageInterpolator has been chosen, EL interpolation will not be supported
2017-05-28 16:43:08.517  INFO 5576 --- [main] com.alibaba.druid.pool.DruidDataSource   : {dataSource-1} inited
2017-05-28 16:43:08.680  INFO 5576 --- [main] com.longlian.im.IMServer                 : HOST:localhost, 8080
2017-05-28 16:43:08.926  INFO 5576 --- [main] com.longlian.MainApplication             : 
2017-05-28 16:43:09.845  INFO 5576 --- [main] o.s.j.e.a.AnnotationMBeanExporter        : Registering beans for JMX exposure on startup
2017-05-28 16:43:09.846  INFO 5576 --- [main] o.s.j.e.a.AnnotationMBeanExporter        : Bean with name 'dataSource' has been autodetected for JMX exposure
2017-05-28 16:43:09.853  INFO 5576 --- [main] o.s.j.e.a.AnnotationMBeanExporter        : Located MBean 'dataSource': registering with JMX server as MBean [com.alibaba.druid.pool:name=dataSource,type=DruidDataSource]
2017-05-28 16:43:09.858  INFO 5576 --- [main] o.s.c.support.DefaultLifecycleProcessor  : Starting beans in phase 2147483647
2017-05-28 16:43:09.867  INFO 5576 --- [main] c.c.socketio.SocketIOServer              : Session store / pubsub factory used: MemoryStoreFactory (local session store only)
2017-05-28 16:43:10.614  WARN 5576 --- [main] io.netty.bootstrap.ServerBootstrap       : Unknown channel option 'SO_LINGER' for channel '[id: 0x9cdfc112]'
2017-05-28 16:43:10.628  INFO 5576 --- [nioEventLoopGroup-2-1] c.c.socketio.SocketIOServer              : SocketIO server started at port: 8080
2017-05-28 16:43:10.629  INFO 5576 --- [main] com.longlian.MainApplication             : Started MainApplication in 4.614 seconds (JVM running for 5.094)
